[ 2015-05-05T08:58:20+08:00 ] ::1 /iXuanxiu/
INFO: [ app_init ] --START--
INFO: Run Behavior\BuildLiteBehavior [ RunTime:0.000022s ]
INFO: [ app_init ] --END-- [ RunTime:0.004113s ]
INFO: [ app_begin ] --START--
INFO: Run Behavior\ReadHtmlCacheBehavior [ RunTime:0.004947s ]
INFO: [ app_begin ] --END-- [ RunTime:0.005092s ]
NOTIC: [8] Undefined index: user D:\wamp\www\iXuanxiu\Application\Home\Controller\BaseController.class.php 第 28 行.
NOTIC: [8] Undefined index: user D:\wamp\www\iXuanxiu\Application\Home\Controller\BaseController.class.php 第 34 行.
SQL: SHOW COLUMNS FROM `course` [ RunTime:0.007250s ]
SQL: SELECT * FROM `course` LIMIT 7   [ RunTime:0.000592s ]
SQL: SELECT * FROM `course` ORDER BY comment_times DESC LIMIT 9   [ RunTime:0.000385s ]
SQL: SHOW COLUMNS FROM `comment` [ RunTime:0.010411s ]
SQL: SELECT * FROM `comment` ORDER BY ctime DESC LIMIT 6   [ RunTime:0.000266s ]
SQL: SELECT * FROM `course` WHERE `id` = 1 LIMIT 1   [ RunTime:0.000179s ]
SQL: SHOW COLUMNS FROM `user` [ RunTime:0.015476s ]
SQL: SELECT * FROM `user` WHERE `id` = 1 LIMIT 1   [ RunTime:0.000262s ]
SQL: SELECT * FROM `course` WHERE `id` = 1 LIMIT 1   [ RunTime:0.000220s ]
SQL: SELECT * FROM `user` WHERE `id` = 1 LIMIT 1   [ RunTime:0.000253s ]
SQL: SELECT * FROM `course` WHERE `id` = 1 LIMIT 1   [ RunTime:0.000182s ]
SQL: SELECT * FROM `user` WHERE `id` = 1 LIMIT 1   [ RunTime:0.000182s ]
SQL: SELECT * FROM `course` WHERE `id` = 1 LIMIT 1   [ RunTime:0.000193s ]
SQL: SELECT * FROM `user` WHERE `id` = 1 LIMIT 1   [ RunTime:0.000179s ]
INFO: [ view_parse ] --START--
INFO: [ template_filter ] --START--
INFO: Run Behavior\ContentReplaceBehavior [ RunTime:0.000177s ]
INFO: [ template_filter ] --END-- [ RunTime:0.000353s ]
NOTIC: [8] Undefined variable: nosign_course D:\wamp\www\iXuanxiu\Application\Runtime\Cache\Home\2a94b8bda04ff446dcedd42276fc99ee.php 第 121 行.
INFO: Run Behavior\ParseTemplateBehavior [ RunTime:0.082370s ]
INFO: [ view_parse ] --END-- [ RunTime:0.082502s ]
INFO: [ view_filter ] --START--
INFO: Run Behavior\WriteHtmlCacheBehavior [ RunTime:0.003529s ]
INFO: [ view_filter ] --END-- [ RunTime:0.003618s ]
INFO: [ app_end ] --START--
INFO: Run Behavior\ShowPageTraceBehavior [ RunTime:0.005187s ]
INFO: [ app_end ] --END-- [ RunTime:0.005439s ]

[ 2015-05-05T08:58:23+08:00 ] ::1 /iXuanxiu/index.php/Index/login/type/renren.html
INFO: [ app_init ] --START--
INFO: Run Behavior\BuildLiteBehavior [ RunTime:0.000025s ]
INFO: [ app_init ] --END-- [ RunTime:0.000548s ]
INFO: [ app_begin ] --START--
INFO: Run Behavior\ReadHtmlCacheBehavior [ RunTime:0.001031s ]
INFO: [ app_begin ] --END-- [ RunTime:0.001164s ]
NOTIC: [8] Undefined index: user D:\wamp\www\iXuanxiu\Application\Home\Controller\BaseController.class.php 第 28 行.
NOTIC: [8] Undefined index: user D:\wamp\www\iXuanxiu\Application\Home\Controller\BaseController.class.php 第 34 行.

[ 2015-05-05T08:58:29+08:00 ] 127.0.0.1 /ixuanxiu/index.php?m=Home&a=callback&type=renren&code=eoMFaU6dHEZvzcljeizn3KlcnW4bB483
INFO: [ app_init ] --START--
INFO: Run Behavior\BuildLiteBehavior [ RunTime:0.000029s ]
INFO: [ app_init ] --END-- [ RunTime:0.000576s ]
INFO: [ app_begin ] --START--
INFO: Run Behavior\ReadHtmlCacheBehavior [ RunTime:0.000570s ]
INFO: [ app_begin ] --END-- [ RunTime:0.000701s ]
NOTIC: [8] Undefined index: user D:\wamp\www\iXuanxiu\Application\Home\Controller\BaseController.class.php 第 28 行.
NOTIC: [8] Undefined index: user D:\wamp\www\iXuanxiu\Application\Home\Controller\BaseController.class.php 第 34 行.
NOTIC: [8] Undefined offset: 0 D:\wamp\www\iXuanxiu\Application\Home\Event\TypeEvent.class.php 第 93 行.
NOTIC: [8] Undefined offset: 0 D:\wamp\www\iXuanxiu\Application\Home\Event\TypeEvent.class.php 第 94 行.
NOTIC: [8] Undefined offset: 0 D:\wamp\www\iXuanxiu\Application\Home\Event\TypeEvent.class.php 第 95 行.
SQL: SHOW COLUMNS FROM `user` [ RunTime:0.027594s ]
SQL: SELECT * FROM `user` WHERE `uid` = 353309262 LIMIT 1   [ RunTime:0.000378s ]
INFO: [ view_parse ] --START--
INFO: [ template_filter ] --START--
INFO: Run Behavior\ContentReplaceBehavior [ RunTime:0.000071s ]
INFO: [ template_filter ] --END-- [ RunTime:0.000192s ]
INFO: Run Behavior\ParseTemplateBehavior [ RunTime:0.029894s ]
INFO: [ view_parse ] --END-- [ RunTime:0.030026s ]
INFO: [ view_filter ] --START--
INFO: Run Behavior\WriteHtmlCacheBehavior [ RunTime:0.000338s ]
INFO: [ view_filter ] --END-- [ RunTime:0.000440s ]
INFO: [ app_end ] --START--
INFO: Run Behavior\ShowPageTraceBehavior [ RunTime:0.000698s ]
INFO: [ app_end ] --END-- [ RunTime:0.000806s ]

[ 2015-05-05T08:58:30+08:00 ] 127.0.0.1 /ixuanxiu/index.php?m=Home&a=callback&type=renren&code=PaEMl8Mkgo2UGjoMB9qBiYGQ1sKnUmjA
INFO: [ app_init ] --START--
INFO: Run Behavior\BuildLiteBehavior [ RunTime:0.000023s ]
INFO: [ app_init ] --END-- [ RunTime:0.000387s ]
INFO: [ app_begin ] --START--
INFO: Run Behavior\ReadHtmlCacheBehavior [ RunTime:0.000615s ]
INFO: [ app_begin ] --END-- [ RunTime:0.000760s ]
NOTIC: [8] Undefined index: user D:\wamp\www\iXuanxiu\Application\Home\Controller\BaseController.class.php 第 28 行.
NOTIC: [8] Undefined index: user D:\wamp\www\iXuanxiu\Application\Home\Controller\BaseController.class.php 第 34 行.
NOTIC: [8] Undefined offset: 0 D:\wamp\www\iXuanxiu\Application\Home\Event\TypeEvent.class.php 第 93 行.
NOTIC: [8] Undefined offset: 0 D:\wamp\www\iXuanxiu\Application\Home\Event\TypeEvent.class.php 第 94 行.
NOTIC: [8] Undefined offset: 0 D:\wamp\www\iXuanxiu\Application\Home\Event\TypeEvent.class.php 第 95 行.
SQL: SHOW COLUMNS FROM `user` [ RunTime:0.055860s ]
SQL: SELECT * FROM `user` WHERE `uid` = 353309262 LIMIT 1   [ RunTime:0.000680s ]
INFO: [ view_parse ] --START--
INFO: [ template_filter ] --START--
INFO: Run Behavior\ContentReplaceBehavior [ RunTime:0.000085s ]
INFO: [ template_filter ] --END-- [ RunTime:0.000254s ]
INFO: Run Behavior\ParseTemplateBehavior [ RunTime:0.009411s ]
INFO: [ view_parse ] --END-- [ RunTime:0.009588s ]
INFO: [ view_filter ] --START--
INFO: Run Behavior\WriteHtmlCacheBehavior [ RunTime:0.000336s ]
INFO: [ view_filter ] --END-- [ RunTime:0.000465s ]
INFO: [ app_end ] --START--
INFO: Run Behavior\ShowPageTraceBehavior [ RunTime:0.000850s ]
INFO: [ app_end ] --END-- [ RunTime:0.000995s ]

[ 2015-05-05T08:58:31+08:00 ] 127.0.0.1 /ixuanxiu/index.php/Index/index.html
INFO: [ app_init ] --START--
INFO: Run Behavior\BuildLiteBehavior [ RunTime:0.000023s ]
INFO: [ app_init ] --END-- [ RunTime:0.000479s ]
INFO: [ app_begin ] --START--
INFO: Run Behavior\ReadHtmlCacheBehavior [ RunTime:0.000646s ]
INFO: [ app_begin ] --END-- [ RunTime:0.000792s ]
SQL: SHOW COLUMNS FROM `user` [ RunTime:0.017019s ]
SQL: SELECT * FROM `user` WHERE `uid` = 353309262 LIMIT 1   [ RunTime:0.000300s ]
SQL: SHOW COLUMNS FROM `course` [ RunTime:0.006460s ]
SQL: SELECT * FROM `course` LIMIT 7   [ RunTime:0.000350s ]
SQL: SELECT * FROM `course` ORDER BY comment_times DESC LIMIT 9   [ RunTime:0.000287s ]
SQL: SHOW COLUMNS FROM `comment` [ RunTime:0.010168s ]
SQL: SELECT * FROM `comment` ORDER BY ctime DESC LIMIT 6   [ RunTime:0.000297s ]
SQL: SELECT * FROM `course` WHERE `id` = 1 LIMIT 1   [ RunTime:0.000205s ]
SQL: SELECT * FROM `user` WHERE `id` = 1 LIMIT 1   [ RunTime:0.000196s ]
SQL: SELECT * FROM `course` WHERE `id` = 1 LIMIT 1   [ RunTime:0.000195s ]
SQL: SELECT * FROM `user` WHERE `id` = 1 LIMIT 1   [ RunTime:0.000186s ]
SQL: SELECT * FROM `course` WHERE `id` = 1 LIMIT 1   [ RunTime:0.000197s ]
SQL: SELECT * FROM `user` WHERE `id` = 1 LIMIT 1   [ RunTime:0.000188s ]
SQL: SELECT * FROM `course` WHERE `id` = 1 LIMIT 1   [ RunTime:0.000193s ]
SQL: SELECT * FROM `user` WHERE `id` = 1 LIMIT 1   [ RunTime:0.000175s ]
INFO: [ view_parse ] --START--
INFO: [ template_filter ] --START--
INFO: Run Behavior\ContentReplaceBehavior [ RunTime:0.000186s ]
INFO: [ template_filter ] --END-- [ RunTime:0.000312s ]
NOTIC: [8] Undefined variable: nosign_course D:\wamp\www\iXuanxiu\Application\Runtime\Cache\Home\2a94b8bda04ff446dcedd42276fc99ee.php 第 121 行.
INFO: Run Behavior\ParseTemplateBehavior [ RunTime:0.027712s ]
INFO: [ view_parse ] --END-- [ RunTime:0.027823s ]
INFO: [ view_filter ] --START--
INFO: Run Behavior\WriteHtmlCacheBehavior [ RunTime:0.000230s ]
INFO: [ view_filter ] --END-- [ RunTime:0.000307s ]
INFO: [ app_end ] --START--
INFO: Run Behavior\ShowPageTraceBehavior [ RunTime:0.000424s ]
INFO: [ app_end ] --END-- [ RunTime:0.000501s ]

[ 2015-05-05T08:58:33+08:00 ] 127.0.0.1 /ixuanxiu/index.php/Index/logout.html
INFO: [ app_init ] --START--
INFO: Run Behavior\BuildLiteBehavior [ RunTime:0.000027s ]
INFO: [ app_init ] --END-- [ RunTime:0.000574s ]
INFO: [ app_begin ] --START--
INFO: Run Behavior\ReadHtmlCacheBehavior [ RunTime:0.000881s ]
INFO: [ app_begin ] --END-- [ RunTime:0.001018s ]
SQL: SHOW COLUMNS FROM `user` [ RunTime:0.017913s ]
SQL: SELECT * FROM `user` WHERE `uid` = 353309262 LIMIT 1   [ RunTime:0.000329s ]
INFO: [ view_parse ] --START--
INFO: [ template_filter ] --START--
INFO: Run Behavior\ContentReplaceBehavior [ RunTime:0.000052s ]
INFO: [ template_filter ] --END-- [ RunTime:0.000148s ]
INFO: Run Behavior\ParseTemplateBehavior [ RunTime:0.006867s ]
INFO: [ view_parse ] --END-- [ RunTime:0.006987s ]
INFO: [ view_filter ] --START--
INFO: Run Behavior\WriteHtmlCacheBehavior [ RunTime:0.000690s ]
INFO: [ view_filter ] --END-- [ RunTime:0.000800s ]
INFO: [ app_end ] --START--
INFO: Run Behavior\ShowPageTraceBehavior [ RunTime:0.001070s ]
INFO: [ app_end ] --END-- [ RunTime:0.001198s ]

[ 2015-05-05T08:58:35+08:00 ] 127.0.0.1 /ixuanxiu/index.php/Index/index.html
INFO: [ app_init ] --START--
INFO: Run Behavior\BuildLiteBehavior [ RunTime:0.000049s ]
INFO: [ app_init ] --END-- [ RunTime:0.000961s ]
INFO: [ app_begin ] --START--
INFO: Run Behavior\ReadHtmlCacheBehavior [ RunTime:0.001443s ]
INFO: [ app_begin ] --END-- [ RunTime:0.001654s ]
NOTIC: [8] Undefined index: user D:\wamp\www\iXuanxiu\Application\Home\Controller\BaseController.class.php 第 28 行.
NOTIC: [8] Undefined index: user D:\wamp\www\iXuanxiu\Application\Home\Controller\BaseController.class.php 第 34 行.
SQL: SHOW COLUMNS FROM `course` [ RunTime:0.008055s ]
SQL: SELECT * FROM `course` LIMIT 7   [ RunTime:0.000402s ]
SQL: SELECT * FROM `course` ORDER BY comment_times DESC LIMIT 9   [ RunTime:0.000305s ]
SQL: SHOW COLUMNS FROM `comment` [ RunTime:0.010750s ]
SQL: SELECT * FROM `comment` ORDER BY ctime DESC LIMIT 6   [ RunTime:0.000292s ]
SQL: SELECT * FROM `course` WHERE `id` = 1 LIMIT 1   [ RunTime:0.000251s ]
SQL: SHOW COLUMNS FROM `user` [ RunTime:0.016029s ]
SQL: SELECT * FROM `user` WHERE `id` = 1 LIMIT 1   [ RunTime:0.000266s ]
SQL: SELECT * FROM `course` WHERE `id` = 1 LIMIT 1   [ RunTime:0.000206s ]
SQL: SELECT * FROM `user` WHERE `id` = 1 LIMIT 1   [ RunTime:0.000202s ]
SQL: SELECT * FROM `course` WHERE `id` = 1 LIMIT 1   [ RunTime:0.000211s ]
SQL: SELECT * FROM `user` WHERE `id` = 1 LIMIT 1   [ RunTime:0.000207s ]
SQL: SELECT * FROM `course` WHERE `id` = 1 LIMIT 1   [ RunTime:0.000196s ]
SQL: SELECT * FROM `user` WHERE `id` = 1 LIMIT 1   [ RunTime:0.000188s ]
INFO: [ view_parse ] --START--
INFO: [ template_filter ] --START--
INFO: Run Behavior\ContentReplaceBehavior [ RunTime:0.000177s ]
INFO: [ template_filter ] --END-- [ RunTime:0.000287s ]
NOTIC: [8] Undefined variable: nosign_course D:\wamp\www\iXuanxiu\Application\Runtime\Cache\Home\2a94b8bda04ff446dcedd42276fc99ee.php 第 121 行.
INFO: Run Behavior\ParseTemplateBehavior [ RunTime:0.029079s ]
INFO: [ view_parse ] --END-- [ RunTime:0.029170s ]
INFO: [ view_filter ] --START--
INFO: Run Behavior\WriteHtmlCacheBehavior [ RunTime:0.000503s ]
INFO: [ view_filter ] --END-- [ RunTime:0.000581s ]
INFO: [ app_end ] --START--
INFO: Run Behavior\ShowPageTraceBehavior [ RunTime:0.000730s ]
INFO: [ app_end ] --END-- [ RunTime:0.000822s ]

[ 2015-05-05T08:58:37+08:00 ] 127.0.0.1 /ixuanxiu/index.php/Course/index/id/1.html
INFO: [ app_init ] --START--
INFO: Run Behavior\BuildLiteBehavior [ RunTime:0.000024s ]
INFO: [ app_init ] --END-- [ RunTime:0.000575s ]
INFO: [ app_begin ] --START--
INFO: Run Behavior\ReadHtmlCacheBehavior [ RunTime:0.000911s ]
INFO: [ app_begin ] --END-- [ RunTime:0.001037s ]
NOTIC: [8] Undefined index: user D:\wamp\www\iXuanxiu\Application\Home\Controller\BaseController.class.php 第 28 行.
NOTIC: [8] Undefined index: user D:\wamp\www\iXuanxiu\Application\Home\Controller\BaseController.class.php 第 34 行.
SQL: SHOW COLUMNS FROM `course` [ RunTime:0.007953s ]
SQL: SELECT * FROM `course` WHERE `id` = 1 LIMIT 1   [ RunTime:0.000345s ]
INFO: [ view_parse ] --START--
INFO: [ template_filter ] --START--
INFO: Run Behavior\ContentReplaceBehavior [ RunTime:0.000143s ]
INFO: [ template_filter ] --END-- [ RunTime:0.000267s ]
INFO: Run Behavior\ParseTemplateBehavior [ RunTime:0.017925s ]
INFO: [ view_parse ] --END-- [ RunTime:0.018097s ]
INFO: [ view_filter ] --START--
INFO: Run Behavior\WriteHtmlCacheBehavior [ RunTime:0.000498s ]
INFO: [ view_filter ] --END-- [ RunTime:0.000572s ]
INFO: [ app_end ] --START--
INFO: Run Behavior\ShowPageTraceBehavior [ RunTime:0.000785s ]
INFO: [ app_end ] --END-- [ RunTime:0.000863s ]

[ 2015-05-05T10:03:59+08:00 ] ::1 /iXuanxiu/
INFO: [ app_init ] --START--
INFO: Run Behavior\BuildLiteBehavior [ RunTime:0.000021s ]
INFO: [ app_init ] --END-- [ RunTime:0.000384s ]
INFO: [ app_begin ] --START--
INFO: Run Behavior\ReadHtmlCacheBehavior [ RunTime:0.000513s ]
INFO: [ app_begin ] --END-- [ RunTime:0.000615s ]
NOTIC: [8] Undefined index: user D:\wamp\www\iXuanxiu\Application\Home\Controller\BaseController.class.php 第 28 行.
NOTIC: [8] Undefined index: user D:\wamp\www\iXuanxiu\Application\Home\Controller\BaseController.class.php 第 34 行.
SQL: SHOW COLUMNS FROM `course` [ RunTime:0.012325s ]
SQL: SELECT * FROM `course` LIMIT 7   [ RunTime:0.000419s ]
SQL: SELECT * FROM `course` ORDER BY comment_times DESC LIMIT 9   [ RunTime:0.000303s ]
SQL: SHOW COLUMNS FROM `comment` [ RunTime:0.011877s ]
SQL: SELECT * FROM `comment` ORDER BY ctime DESC LIMIT 6   [ RunTime:0.000325s ]
SQL: SELECT * FROM `course` WHERE `id` = 1 LIMIT 1   [ RunTime:0.000189s ]
SQL: SHOW COLUMNS FROM `user` [ RunTime:0.016092s ]
SQL: SELECT * FROM `user` WHERE `id` = 1 LIMIT 1   [ RunTime:0.000322s ]
SQL: SELECT * FROM `course` WHERE `id` = 1 LIMIT 1   [ RunTime:0.000230s ]
SQL: SELECT * FROM `user` WHERE `id` = 1 LIMIT 1   [ RunTime:0.000164s ]
SQL: SELECT * FROM `course` WHERE `id` = 1 LIMIT 1   [ RunTime:0.000163s ]
SQL: SELECT * FROM `user` WHERE `id` = 1 LIMIT 1   [ RunTime:0.000144s ]
SQL: SELECT * FROM `course` WHERE `id` = 1 LIMIT 1   [ RunTime:0.000152s ]
SQL: SELECT * FROM `user` WHERE `id` = 1 LIMIT 1   [ RunTime:0.000143s ]
INFO: [ view_parse ] --START--
INFO: [ template_filter ] --START--
INFO: Run Behavior\ContentReplaceBehavior [ RunTime:0.000116s ]
INFO: [ template_filter ] --END-- [ RunTime:0.000216s ]
NOTIC: [8] Undefined variable: nosign_course D:\wamp\www\iXuanxiu\Application\Runtime\Cache\Home\2a94b8bda04ff446dcedd42276fc99ee.php 第 121 行.
INFO: Run Behavior\ParseTemplateBehavior [ RunTime:0.028516s ]
INFO: [ view_parse ] --END-- [ RunTime:0.028612s ]
INFO: [ view_filter ] --START--
INFO: Run Behavior\WriteHtmlCacheBehavior [ RunTime:0.000332s ]
INFO: [ view_filter ] --END-- [ RunTime:0.000408s ]
INFO: [ app_end ] --START--
INFO: Run Behavior\ShowPageTraceBehavior [ RunTime:0.000500s ]
INFO: [ app_end ] --END-- [ RunTime:0.000581s ]

[ 2015-05-05T10:04:04+08:00 ] ::1 /iXuanxiu/index.php/My/index.html
INFO: [ app_init ] --START--
INFO: Run Behavior\BuildLiteBehavior [ RunTime:0.000019s ]
INFO: [ app_init ] --END-- [ RunTime:0.000371s ]
INFO: [ app_begin ] --START--
INFO: Run Behavior\ReadHtmlCacheBehavior [ RunTime:0.000469s ]
INFO: [ app_begin ] --END-- [ RunTime:0.000561s ]
NOTIC: [8] Undefined index: user D:\wamp\www\iXuanxiu\Application\Home\Controller\BaseController.class.php 第 28 行.
NOTIC: [8] Undefined index: user D:\wamp\www\iXuanxiu\Application\Home\Controller\BaseController.class.php 第 34 行.
NOTIC: [8] Undefined index: user D:\wamp\www\iXuanxiu\Application\Home\Controller\HomeBaseController.class.php 第 11 行.
INFO: [ view_parse ] --START--
INFO: [ template_filter ] --START--
INFO: Run Behavior\ContentReplaceBehavior [ RunTime:0.000046s ]
INFO: [ template_filter ] --END-- [ RunTime:0.000123s ]
INFO: Run Behavior\ParseTemplateBehavior [ RunTime:0.009310s ]
INFO: [ view_parse ] --END-- [ RunTime:0.009400s ]
INFO: [ view_filter ] --START--
INFO: Run Behavior\WriteHtmlCacheBehavior [ RunTime:0.000296s ]
INFO: [ view_filter ] --END-- [ RunTime:0.000370s ]

[ 2015-05-05T10:04:06+08:00 ] ::1 /iXuanxiu/index.php/Index/login/type/renren.html
INFO: [ app_init ] --START--
INFO: Run Behavior\BuildLiteBehavior [ RunTime:0.000025s ]
INFO: [ app_init ] --END-- [ RunTime:0.000517s ]
INFO: [ app_begin ] --START--
INFO: Run Behavior\ReadHtmlCacheBehavior [ RunTime:0.000572s ]
INFO: [ app_begin ] --END-- [ RunTime:0.000689s ]
NOTIC: [8] Undefined index: user D:\wamp\www\iXuanxiu\Application\Home\Controller\BaseController.class.php 第 28 行.
NOTIC: [8] Undefined index: user D:\wamp\www\iXuanxiu\Application\Home\Controller\BaseController.class.php 第 34 行.

[ 2015-05-05T10:04:07+08:00 ] 127.0.0.1 /ixuanxiu/index.php?m=Home&a=callback&type=renren&code=iPf4pFVZ0xdHu5Myqo3Xwj7jXttZRyXK
INFO: [ app_init ] --START--
INFO: Run Behavior\BuildLiteBehavior [ RunTime:0.000024s ]
INFO: [ app_init ] --END-- [ RunTime:0.000420s ]
INFO: [ app_begin ] --START--
INFO: Run Behavior\ReadHtmlCacheBehavior [ RunTime:0.000530s ]
INFO: [ app_begin ] --END-- [ RunTime:0.000643s ]
NOTIC: [8] Undefined index: user D:\wamp\www\iXuanxiu\Application\Home\Controller\BaseController.class.php 第 28 行.
NOTIC: [8] Undefined index: user D:\wamp\www\iXuanxiu\Application\Home\Controller\BaseController.class.php 第 34 行.
NOTIC: [8] Undefined offset: 0 D:\wamp\www\iXuanxiu\Application\Home\Event\TypeEvent.class.php 第 93 行.
NOTIC: [8] Undefined offset: 0 D:\wamp\www\iXuanxiu\Application\Home\Event\TypeEvent.class.php 第 94 行.
NOTIC: [8] Undefined offset: 0 D:\wamp\www\iXuanxiu\Application\Home\Event\TypeEvent.class.php 第 95 行.
SQL: SHOW COLUMNS FROM `user` [ RunTime:0.042005s ]
SQL: SELECT * FROM `user` WHERE `uid` = 353309262 LIMIT 1   [ RunTime:0.000421s ]
INFO: [ view_parse ] --START--
INFO: [ template_filter ] --START--
INFO: Run Behavior\ContentReplaceBehavior [ RunTime:0.000048s ]
INFO: [ template_filter ] --END-- [ RunTime:0.000147s ]
INFO: Run Behavior\ParseTemplateBehavior [ RunTime:0.005033s ]
INFO: [ view_parse ] --END-- [ RunTime:0.005127s ]
INFO: [ view_filter ] --START--
INFO: Run Behavior\WriteHtmlCacheBehavior [ RunTime:0.000225s ]
INFO: [ view_filter ] --END-- [ RunTime:0.000296s ]
INFO: [ app_end ] --START--
INFO: Run Behavior\ShowPageTraceBehavior [ RunTime:0.000449s ]
INFO: [ app_end ] --END-- [ RunTime:0.000525s ]

[ 2015-05-05T10:04:08+08:00 ] 127.0.0.1 /ixuanxiu/index.php/Index/index.html
INFO: [ app_init ] --START--
INFO: Run Behavior\BuildLiteBehavior [ RunTime:0.000074s ]
INFO: [ app_init ] --END-- [ RunTime:0.001401s ]
INFO: [ app_begin ] --START--
INFO: Run Behavior\ReadHtmlCacheBehavior [ RunTime:0.000822s ]
INFO: [ app_begin ] --END-- [ RunTime:0.000983s ]
SQL: SHOW COLUMNS FROM `user` [ RunTime:0.030125s ]
SQL: SELECT * FROM `user` WHERE `uid` = 353309262 LIMIT 1   [ RunTime:0.000455s ]
SQL: SHOW COLUMNS FROM `course` [ RunTime:0.012317s ]
SQL: SELECT * FROM `course` LIMIT 7   [ RunTime:0.000425s ]
SQL: SELECT * FROM `course` ORDER BY comment_times DESC LIMIT 9   [ RunTime:0.000432s ]
SQL: SHOW COLUMNS FROM `comment` [ RunTime:0.011349s ]
SQL: SELECT * FROM `comment` ORDER BY ctime DESC LIMIT 6   [ RunTime:0.000242s ]
SQL: SELECT * FROM `course` WHERE `id` = 1 LIMIT 1   [ RunTime:0.000180s ]
SQL: SELECT * FROM `user` WHERE `id` = 1 LIMIT 1   [ RunTime:0.000145s ]
SQL: SELECT * FROM `course` WHERE `id` = 1 LIMIT 1   [ RunTime:0.000140s ]
SQL: SELECT * FROM `user` WHERE `id` = 1 LIMIT 1   [ RunTime:0.000133s ]
SQL: SELECT * FROM `course` WHERE `id` = 1 LIMIT 1   [ RunTime:0.000132s ]
SQL: SELECT * FROM `user` WHERE `id` = 1 LIMIT 1   [ RunTime:0.000137s ]
SQL: SELECT * FROM `course` WHERE `id` = 1 LIMIT 1   [ RunTime:0.000131s ]
SQL: SELECT * FROM `user` WHERE `id` = 1 LIMIT 1   [ RunTime:0.000126s ]
INFO: [ view_parse ] --START--
INFO: [ template_filter ] --START--
INFO: Run Behavior\ContentReplaceBehavior [ RunTime:0.000127s ]
INFO: [ template_filter ] --END-- [ RunTime:0.000243s ]
NOTIC: [8] Undefined variable: nosign_course D:\wamp\www\iXuanxiu\Application\Runtime\Cache\Home\2a94b8bda04ff446dcedd42276fc99ee.php 第 121 行.
INFO: Run Behavior\ParseTemplateBehavior [ RunTime:0.029840s ]
INFO: [ view_parse ] --END-- [ RunTime:0.029954s ]
INFO: [ view_filter ] --START--
INFO: Run Behavior\WriteHtmlCacheBehavior [ RunTime:0.000227s ]
INFO: [ view_filter ] --END-- [ RunTime:0.000301s ]
INFO: [ app_end ] --START--
INFO: Run Behavior\ShowPageTraceBehavior [ RunTime:0.000396s ]
INFO: [ app_end ] --END-- [ RunTime:0.000476s ]

[ 2015-05-05T10:04:09+08:00 ] 127.0.0.1 /ixuanxiu/index.php/My/index.html
INFO: [ app_init ] --START--
INFO: Run Behavior\BuildLiteBehavior [ RunTime:0.000019s ]
INFO: [ app_init ] --END-- [ RunTime:0.000293s ]
INFO: [ app_begin ] --START--
INFO: Run Behavior\ReadHtmlCacheBehavior [ RunTime:0.000388s ]
INFO: [ app_begin ] --END-- [ RunTime:0.000486s ]
SQL: SHOW COLUMNS FROM `user` [ RunTime:0.017698s ]
SQL: SELECT * FROM `user` WHERE `uid` = 353309262 LIMIT 1   [ RunTime:0.000270s ]
INFO: [ view_parse ] --START--
INFO: [ template_filter ] --START--
INFO: Run Behavior\ContentReplaceBehavior [ RunTime:0.000056s ]
INFO: [ template_filter ] --END-- [ RunTime:0.000133s ]
INFO: Run Behavior\ParseTemplateBehavior [ RunTime:0.010141s ]
INFO: [ view_parse ] --END-- [ RunTime:0.010250s ]
INFO: [ view_filter ] --START--
INFO: Run Behavior\WriteHtmlCacheBehavior [ RunTime:0.000234s ]
INFO: [ view_filter ] --END-- [ RunTime:0.000336s ]
INFO: [ app_end ] --START--
INFO: Run Behavior\ShowPageTraceBehavior [ RunTime:0.000443s ]
INFO: [ app_end ] --END-- [ RunTime:0.000536s ]

[ 2015-05-05T10:16:06+08:00 ] 127.0.0.1 /ixuanxiu/index.php/My/index.html
INFO: [ app_init ] --START--
INFO: Run Behavior\BuildLiteBehavior [ RunTime:0.000035s ]
INFO: [ app_init ] --END-- [ RunTime:0.000732s ]
INFO: [ app_begin ] --START--
INFO: Run Behavior\ReadHtmlCacheBehavior [ RunTime:0.000832s ]
INFO: [ app_begin ] --END-- [ RunTime:0.000997s ]
SQL: SHOW COLUMNS FROM `user` [ RunTime:0.019662s ]
SQL: SELECT * FROM `user` WHERE `uid` = 353309262 LIMIT 1   [ RunTime:0.000743s ]
NOTIC: [8] Undefined variable: current_user D:\wamp\www\iXuanxiu\Application\Home\Controller\MyController.class.php 第 15 行.
INFO: [ view_parse ] --START--
INFO: [ template_filter ] --START--
INFO: Run Behavior\ContentReplaceBehavior [ RunTime:0.000064s ]
INFO: [ template_filter ] --END-- [ RunTime:0.000164s ]
INFO: Run Behavior\ParseTemplateBehavior [ RunTime:0.007782s ]
INFO: [ view_parse ] --END-- [ RunTime:0.007917s ]
INFO: [ view_filter ] --START--
INFO: Run Behavior\WriteHtmlCacheBehavior [ RunTime:0.000310s ]
INFO: [ view_filter ] --END-- [ RunTime:0.000397s ]
INFO: [ app_end ] --START--
INFO: Run Behavior\ShowPageTraceBehavior [ RunTime:0.000577s ]
INFO: [ app_end ] --END-- [ RunTime:0.000663s ]

[ 2015-05-05T10:16:31+08:00 ] 127.0.0.1 /ixuanxiu/index.php/My/index.html
INFO: [ app_init ] --START--
INFO: Run Behavior\BuildLiteBehavior [ RunTime:0.000020s ]
INFO: [ app_init ] --END-- [ RunTime:0.000332s ]
INFO: [ app_begin ] --START--
INFO: Run Behavior\ReadHtmlCacheBehavior [ RunTime:0.000434s ]
INFO: [ app_begin ] --END-- [ RunTime:0.000531s ]
SQL: SHOW COLUMNS FROM `user` [ RunTime:0.018666s ]
SQL: SELECT * FROM `user` WHERE `uid` = 353309262 LIMIT 1   [ RunTime:0.000343s ]
INFO: [ view_parse ] --START--
INFO: [ template_filter ] --START--
INFO: Run Behavior\ContentReplaceBehavior [ RunTime:0.000061s ]
INFO: [ template_filter ] --END-- [ RunTime:0.000158s ]
INFO: Run Behavior\ParseTemplateBehavior [ RunTime:0.007333s ]
INFO: [ view_parse ] --END-- [ RunTime:0.007463s ]
INFO: [ view_filter ] --START--
INFO: Run Behavior\WriteHtmlCacheBehavior [ RunTime:0.000303s ]
INFO: [ view_filter ] --END-- [ RunTime:0.000389s ]
INFO: [ app_end ] --START--
INFO: Run Behavior\ShowPageTraceBehavior [ RunTime:0.000486s ]
INFO: [ app_end ] --END-- [ RunTime:0.000565s ]

[ 2015-05-05T10:16:48+08:00 ] 127.0.0.1 /ixuanxiu/index.php/My/index.html
INFO: [ app_init ] --START--
INFO: Run Behavior\BuildLiteBehavior [ RunTime:0.000034s ]
INFO: [ app_init ] --END-- [ RunTime:0.000604s ]
INFO: [ app_begin ] --START--
INFO: Run Behavior\ReadHtmlCacheBehavior [ RunTime:0.000787s ]
INFO: [ app_begin ] --END-- [ RunTime:0.000974s ]
SQL: SHOW COLUMNS FROM `user` [ RunTime:0.018218s ]
SQL: SELECT * FROM `user` WHERE `uid` = 353309262 LIMIT 1   [ RunTime:0.000259s ]
INFO: [ view_parse ] --START--
INFO: [ template_filter ] --START--
INFO: Run Behavior\ContentReplaceBehavior [ RunTime:0.000070s ]
INFO: [ template_filter ] --END-- [ RunTime:0.000157s ]
INFO: Run Behavior\ParseTemplateBehavior [ RunTime:0.006342s ]
INFO: [ view_parse ] --END-- [ RunTime:0.006435s ]
INFO: [ view_filter ] --START--
INFO: Run Behavior\WriteHtmlCacheBehavior [ RunTime:0.000311s ]
INFO: [ view_filter ] --END-- [ RunTime:0.000383s ]
INFO: [ app_end ] --START--
INFO: Run Behavior\ShowPageTraceBehavior [ RunTime:0.000447s ]
INFO: [ app_end ] --END-- [ RunTime:0.000522s ]

[ 2015-05-05T10:21:00+08:00 ] 127.0.0.1 /ixuanxiu/index.php/Index/logout.html
INFO: [ app_init ] --START--
INFO: Run Behavior\BuildLiteBehavior [ RunTime:0.000056s ]
INFO: [ app_init ] --END-- [ RunTime:0.000720s ]
INFO: [ app_begin ] --START--
INFO: Run Behavior\ReadHtmlCacheBehavior [ RunTime:0.000657s ]
INFO: [ app_begin ] --END-- [ RunTime:0.000801s ]
NOTIC: [8] Undefined index: username D:\wamp\www\iXuanxiu\Application\Home\Controller\BaseController.class.php 第 14 行.
SQL: SHOW COLUMNS FROM `user` [ RunTime:0.022664s ]
SQL: SELECT * FROM `user` WHERE `uid` = 353309262 LIMIT 1   [ RunTime:0.000343s ]
INFO: [ view_parse ] --START--
INFO: [ template_filter ] --START--
INFO: Run Behavior\ContentReplaceBehavior [ RunTime:0.000094s ]
INFO: [ template_filter ] --END-- [ RunTime:0.000243s ]
INFO: Run Behavior\ParseTemplateBehavior [ RunTime:0.014588s ]
INFO: [ view_parse ] --END-- [ RunTime:0.014726s ]
INFO: [ view_filter ] --START--
INFO: Run Behavior\WriteHtmlCacheBehavior [ RunTime:0.000389s ]
INFO: [ view_filter ] --END-- [ RunTime:0.000488s ]
INFO: [ app_end ] --START--
INFO: Run Behavior\ShowPageTraceBehavior [ RunTime:0.000701s ]
INFO: [ app_end ] --END-- [ RunTime:0.000825s ]

[ 2015-05-05T10:21:02+08:00 ] 127.0.0.1 /ixuanxiu/index.php/Index/index.html
INFO: [ app_init ] --START--
INFO: Run Behavior\BuildLiteBehavior [ RunTime:0.000043s ]
INFO: [ app_init ] --END-- [ RunTime:0.000806s ]
INFO: [ app_begin ] --START--
INFO: Run Behavior\ReadHtmlCacheBehavior [ RunTime:0.001159s ]
INFO: [ app_begin ] --END-- [ RunTime:0.001409s ]
NOTIC: [8] Undefined index: user D:\wamp\www\iXuanxiu\Application\Home\Controller\BaseController.class.php 第 31 行.
NOTIC: [8] Undefined index: user D:\wamp\www\iXuanxiu\Application\Home\Controller\BaseController.class.php 第 37 行.
SQL: SHOW COLUMNS FROM `course` [ RunTime:0.010203s ]
SQL: SELECT * FROM `course` LIMIT 7   [ RunTime:0.000436s ]
SQL: SELECT * FROM `course` ORDER BY comment_times DESC LIMIT 9   [ RunTime:0.000348s ]
SQL: SHOW COLUMNS FROM `comment` [ RunTime:0.013664s ]
SQL: SELECT * FROM `comment` ORDER BY ctime DESC LIMIT 6   [ RunTime:0.000258s ]
SQL: SELECT * FROM `course` WHERE `id` = 1 LIMIT 1   [ RunTime:0.000181s ]
SQL: SHOW COLUMNS FROM `user` [ RunTime:0.017681s ]
SQL: SELECT * FROM `user` WHERE `id` = 1 LIMIT 1   [ RunTime:0.000213s ]
SQL: SELECT * FROM `course` WHERE `id` = 1 LIMIT 1   [ RunTime:0.000149s ]
SQL: SELECT * FROM `user` WHERE `id` = 1 LIMIT 1   [ RunTime:0.000128s ]
SQL: SELECT * FROM `course` WHERE `id` = 1 LIMIT 1   [ RunTime:0.000135s ]
SQL: SELECT * FROM `user` WHERE `id` = 1 LIMIT 1   [ RunTime:0.000130s ]
SQL: SELECT * FROM `course` WHERE `id` = 1 LIMIT 1   [ RunTime:0.000133s ]
SQL: SELECT * FROM `user` WHERE `id` = 1 LIMIT 1   [ RunTime:0.000144s ]
INFO: [ view_parse ] --START--
INFO: [ template_filter ] --START--
INFO: Run Behavior\ContentReplaceBehavior [ RunTime:0.000116s ]
INFO: [ template_filter ] --END-- [ RunTime:0.000212s ]
NOTIC: [8] Undefined variable: nosign_course D:\wamp\www\iXuanxiu\Application\Runtime\Cache\Home\2a94b8bda04ff446dcedd42276fc99ee.php 第 121 行.
INFO: Run Behavior\ParseTemplateBehavior [ RunTime:0.025880s ]
INFO: [ view_parse ] --END-- [ RunTime:0.025970s ]
INFO: [ view_filter ] --START--
INFO: Run Behavior\WriteHtmlCacheBehavior [ RunTime:0.000305s ]
INFO: [ view_filter ] --END-- [ RunTime:0.000387s ]
INFO: [ app_end ] --START--
INFO: Run Behavior\ShowPageTraceBehavior [ RunTime:0.000459s ]
INFO: [ app_end ] --END-- [ RunTime:0.000539s ]

[ 2015-05-05T10:21:03+08:00 ] 127.0.0.1 /ixuanxiu/index.php/Index/login/type/renren.html
INFO: [ app_init ] --START--
INFO: Run Behavior\BuildLiteBehavior [ RunTime:0.000019s ]
INFO: [ app_init ] --END-- [ RunTime:0.000324s ]
INFO: [ app_begin ] --START--
INFO: Run Behavior\ReadHtmlCacheBehavior [ RunTime:0.000613s ]
INFO: [ app_begin ] --END-- [ RunTime:0.000755s ]
NOTIC: [8] Undefined index: user D:\wamp\www\iXuanxiu\Application\Home\Controller\BaseController.class.php 第 31 行.
NOTIC: [8] Undefined index: user D:\wamp\www\iXuanxiu\Application\Home\Controller\BaseController.class.php 第 37 行.

[ 2015-05-05T10:21:04+08:00 ] 127.0.0.1 /ixuanxiu/index.php?m=Home&a=callback&type=renren&code=JzgDDCUA6KWcedV7Ud7SKR8G8Qmb9rx8
INFO: [ app_init ] --START--
INFO: Run Behavior\BuildLiteBehavior [ RunTime:0.000024s ]
INFO: [ app_init ] --END-- [ RunTime:0.000332s ]
INFO: [ app_begin ] --START--
INFO: Run Behavior\ReadHtmlCacheBehavior [ RunTime:0.000540s ]
INFO: [ app_begin ] --END-- [ RunTime:0.000724s ]
NOTIC: [8] Undefined index: user D:\wamp\www\iXuanxiu\Application\Home\Controller\BaseController.class.php 第 31 行.
NOTIC: [8] Undefined index: user D:\wamp\www\iXuanxiu\Application\Home\Controller\BaseController.class.php 第 37 行.
NOTIC: [8] Undefined offset: 0 D:\wamp\www\iXuanxiu\Application\Home\Event\TypeEvent.class.php 第 93 行.
NOTIC: [8] Undefined offset: 0 D:\wamp\www\iXuanxiu\Application\Home\Event\TypeEvent.class.php 第 94 行.
NOTIC: [8] Undefined offset: 0 D:\wamp\www\iXuanxiu\Application\Home\Event\TypeEvent.class.php 第 95 行.
SQL: SHOW COLUMNS FROM `user` [ RunTime:0.034485s ]
SQL: SELECT * FROM `user` WHERE `uid` = 353309262 LIMIT 1   [ RunTime:0.000340s ]
INFO: [ view_parse ] --START--
INFO: [ template_filter ] --START--
INFO: Run Behavior\ContentReplaceBehavior [ RunTime:0.000062s ]
INFO: [ template_filter ] --END-- [ RunTime:0.000153s ]
INFO: Run Behavior\ParseTemplateBehavior [ RunTime:0.005413s ]
INFO: [ view_parse ] --END-- [ RunTime:0.005512s ]
INFO: [ view_filter ] --START--
INFO: Run Behavior\WriteHtmlCacheBehavior [ RunTime:0.000451s ]
INFO: [ view_filter ] --END-- [ RunTime:0.000560s ]
INFO: [ app_end ] --START--
INFO: Run Behavior\ShowPageTraceBehavior [ RunTime:0.000710s ]
INFO: [ app_end ] --END-- [ RunTime:0.000837s ]

[ 2015-05-05T10:21:05+08:00 ] 127.0.0.1 /ixuanxiu/index.php/Index/index.html
INFO: [ app_init ] --START--
INFO: Run Behavior\BuildLiteBehavior [ RunTime:0.000030s ]
INFO: [ app_init ] --END-- [ RunTime:0.000573s ]
INFO: [ app_begin ] --START--
INFO: Run Behavior\ReadHtmlCacheBehavior [ RunTime:0.000819s ]
INFO: [ app_begin ] --END-- [ RunTime:0.000993s ]
SQL: SHOW COLUMNS FROM `user` [ RunTime:0.018429s ]
SQL: SELECT * FROM `user` WHERE `uid` = 353309262 LIMIT 1   [ RunTime:0.000314s ]
SQL: SHOW COLUMNS FROM `course` [ RunTime:0.006954s ]
SQL: SELECT * FROM `course` LIMIT 7   [ RunTime:0.000328s ]
SQL: SELECT * FROM `course` ORDER BY comment_times DESC LIMIT 9   [ RunTime:0.000391s ]
SQL: SHOW COLUMNS FROM `comment` [ RunTime:0.011966s ]
SQL: SELECT * FROM `comment` ORDER BY ctime DESC LIMIT 6   [ RunTime:0.000269s ]
SQL: SELECT * FROM `course` WHERE `id` = 1 LIMIT 1   [ RunTime:0.000212s ]
SQL: SELECT * FROM `user` WHERE `id` = 1 LIMIT 1   [ RunTime:0.000184s ]
SQL: SELECT * FROM `course` WHERE `id` = 1 LIMIT 1   [ RunTime:0.000180s ]
SQL: SELECT * FROM `user` WHERE `id` = 1 LIMIT 1   [ RunTime:0.000171s ]
SQL: SELECT * FROM `course` WHERE `id` = 1 LIMIT 1   [ RunTime:0.000177s ]
SQL: SELECT * FROM `user` WHERE `id` = 1 LIMIT 1   [ RunTime:0.000179s ]
SQL: SELECT * FROM `course` WHERE `id` = 1 LIMIT 1   [ RunTime:0.000184s ]
SQL: SELECT * FROM `user` WHERE `id` = 1 LIMIT 1   [ RunTime:0.000186s ]
INFO: [ view_parse ] --START--
INFO: [ template_filter ] --START--
INFO: Run Behavior\ContentReplaceBehavior [ RunTime:0.000116s ]
INFO: [ template_filter ] --END-- [ RunTime:0.000218s ]
NOTIC: [8] Undefined variable: nosign_course D:\wamp\www\iXuanxiu\Application\Runtime\Cache\Home\2a94b8bda04ff446dcedd42276fc99ee.php 第 121 行.
INFO: Run Behavior\ParseTemplateBehavior [ RunTime:0.029156s ]
INFO: [ view_parse ] --END-- [ RunTime:0.029260s ]
INFO: [ view_filter ] --START--
INFO: Run Behavior\WriteHtmlCacheBehavior [ RunTime:0.000323s ]
INFO: [ view_filter ] --END-- [ RunTime:0.000398s ]
INFO: [ app_end ] --START--
INFO: Run Behavior\ShowPageTraceBehavior [ RunTime:0.000512s ]
INFO: [ app_end ] --END-- [ RunTime:0.000604s ]

[ 2015-05-05T10:21:06+08:00 ] 127.0.0.1 /ixuanxiu/index.php/My/index.html
INFO: [ app_init ] --START--
INFO: Run Behavior\BuildLiteBehavior [ RunTime:0.000043s ]
INFO: [ app_init ] --END-- [ RunTime:0.000577s ]
INFO: [ app_begin ] --START--
INFO: Run Behavior\ReadHtmlCacheBehavior [ RunTime:0.000441s ]
INFO: [ app_begin ] --END-- [ RunTime:0.000538s ]
SQL: SHOW COLUMNS FROM `user` [ RunTime:0.016735s ]
SQL: SELECT * FROM `user` WHERE `uid` = 353309262 LIMIT 1   [ RunTime:0.000335s ]
INFO: [ view_parse ] --START--
INFO: [ template_filter ] --START--
INFO: Run Behavior\ContentReplaceBehavior [ RunTime:0.000077s ]
INFO: [ template_filter ] --END-- [ RunTime:0.000233s ]
INFO: Run Behavior\ParseTemplateBehavior [ RunTime:0.011199s ]
INFO: [ view_parse ] --END-- [ RunTime:0.011307s ]
INFO: [ view_filter ] --START--
INFO: Run Behavior\WriteHtmlCacheBehavior [ RunTime:0.000309s ]
INFO: [ view_filter ] --END-- [ RunTime:0.000385s ]
INFO: [ app_end ] --START--
INFO: Run Behavior\ShowPageTraceBehavior [ RunTime:0.000458s ]
INFO: [ app_end ] --END-- [ RunTime:0.000536s ]

[ 2015-05-05T10:21:52+08:00 ] 127.0.0.1 /ixuanxiu/index.php/My/index.html
INFO: [ app_init ] --START--
INFO: Run Behavior\BuildLiteBehavior [ RunTime:0.000024s ]
INFO: [ app_init ] --END-- [ RunTime:0.000421s ]
INFO: [ app_begin ] --START--
INFO: Run Behavior\ReadHtmlCacheBehavior [ RunTime:0.000571s ]
INFO: [ app_begin ] --END-- [ RunTime:0.000696s ]
SQL: SHOW COLUMNS FROM `user` [ RunTime:0.019656s ]
SQL: SELECT * FROM `user` WHERE `uid` = 353309262 LIMIT 1   [ RunTime:0.000345s ]
INFO: [ view_parse ] --START--
INFO: [ template_filter ] --START--
INFO: Run Behavior\ContentReplaceBehavior [ RunTime:0.000054s ]
INFO: [ template_filter ] --END-- [ RunTime:0.000134s ]
INFO: Run Behavior\ParseTemplateBehavior [ RunTime:0.006740s ]
INFO: [ view_parse ] --END-- [ RunTime:0.006838s ]
INFO: [ view_filter ] --START--
INFO: Run Behavior\WriteHtmlCacheBehavior [ RunTime:0.000266s ]
INFO: [ view_filter ] --END-- [ RunTime:0.000338s ]
INFO: [ app_end ] --START--
INFO: Run Behavior\ShowPageTraceBehavior [ RunTime:0.000443s ]
INFO: [ app_end ] --END-- [ RunTime:0.000531s ]

[ 2015-05-05T10:22:05+08:00 ] 127.0.0.1 /ixuanxiu/index.php/Index/index.html
INFO: [ app_init ] --START--
INFO: Run Behavior\BuildLiteBehavior [ RunTime:0.000022s ]
INFO: [ app_init ] --END-- [ RunTime:0.000401s ]
INFO: [ app_begin ] --START--
INFO: Run Behavior\ReadHtmlCacheBehavior [ RunTime:0.000560s ]
INFO: [ app_begin ] --END-- [ RunTime:0.000676s ]
SQL: SHOW COLUMNS FROM `user` [ RunTime:0.018991s ]
SQL: SELECT * FROM `user` WHERE `uid` = 353309262 LIMIT 1   [ RunTime:0.000336s ]
SQL: SHOW COLUMNS FROM `course` [ RunTime:0.006982s ]
SQL: SELECT * FROM `course` LIMIT 7   [ RunTime:0.000297s ]
SQL: SELECT * FROM `course` ORDER BY comment_times DESC LIMIT 9   [ RunTime:0.000260s ]
SQL: SHOW COLUMNS FROM `comment` [ RunTime:0.012107s ]
SQL: SELECT * FROM `comment` ORDER BY ctime DESC LIMIT 6   [ RunTime:0.000271s ]
SQL: SELECT * FROM `course` WHERE `id` = 1 LIMIT 1   [ RunTime:0.000277s ]
SQL: SELECT * FROM `user` WHERE `id` = 1 LIMIT 1   [ RunTime:0.000209s ]
SQL: SELECT * FROM `course` WHERE `id` = 1 LIMIT 1   [ RunTime:0.000189s ]
SQL: SELECT * FROM `user` WHERE `id` = 1 LIMIT 1   [ RunTime:0.000192s ]
SQL: SELECT * FROM `course` WHERE `id` = 1 LIMIT 1   [ RunTime:0.000203s ]
SQL: SELECT * FROM `user` WHERE `id` = 1 LIMIT 1   [ RunTime:0.000191s ]
SQL: SELECT * FROM `course` WHERE `id` = 1 LIMIT 1   [ RunTime:0.000195s ]
SQL: SELECT * FROM `user` WHERE `id` = 1 LIMIT 1   [ RunTime:0.000184s ]
INFO: [ view_parse ] --START--
INFO: [ template_filter ] --START--
INFO: Run Behavior\ContentReplaceBehavior [ RunTime:0.000110s ]
INFO: [ template_filter ] --END-- [ RunTime:0.000187s ]
NOTIC: [8] Undefined variable: nosign_course D:\wamp\www\iXuanxiu\Application\Runtime\Cache\Home\2a94b8bda04ff446dcedd42276fc99ee.php 第 121 行.
INFO: Run Behavior\ParseTemplateBehavior [ RunTime:0.026897s ]
INFO: [ view_parse ] --END-- [ RunTime:0.026989s ]
INFO: [ view_filter ] --START--
INFO: Run Behavior\WriteHtmlCacheBehavior [ RunTime:0.000292s ]
INFO: [ view_filter ] --END-- [ RunTime:0.000363s ]
INFO: [ app_end ] --START--
INFO: Run Behavior\ShowPageTraceBehavior [ RunTime:0.000458s ]
INFO: [ app_end ] --END-- [ RunTime:0.000537s ]

[ 2015-05-05T10:22:15+08:00 ] 127.0.0.1 /ixuanxiu/index.php/Index/index.html
INFO: [ app_init ] --START--
INFO: Run Behavior\BuildLiteBehavior [ RunTime:0.000023s ]
INFO: [ app_init ] --END-- [ RunTime:0.000402s ]
INFO: [ app_begin ] --START--
INFO: Run Behavior\ReadHtmlCacheBehavior [ RunTime:0.000574s ]
INFO: [ app_begin ] --END-- [ RunTime:0.000688s ]
SQL: SHOW COLUMNS FROM `user` [ RunTime:0.021805s ]
SQL: SELECT * FROM `user` WHERE `uid` = 353309262 LIMIT 1   [ RunTime:0.000360s ]
SQL: SHOW COLUMNS FROM `course` [ RunTime:0.008495s ]
SQL: SELECT * FROM `course` LIMIT 7   [ RunTime:0.000246s ]
SQL: SELECT * FROM `course` ORDER BY comment_times DESC LIMIT 9   [ RunTime:0.000257s ]
SQL: SHOW COLUMNS FROM `comment` [ RunTime:0.012013s ]
SQL: SELECT * FROM `comment` ORDER BY ctime DESC LIMIT 6   [ RunTime:0.000292s ]
SQL: SELECT * FROM `course` WHERE `id` = 1 LIMIT 1   [ RunTime:0.000223s ]
SQL: SELECT * FROM `user` WHERE `id` = 1 LIMIT 1   [ RunTime:0.000204s ]
SQL: SELECT * FROM `course` WHERE `id` = 1 LIMIT 1   [ RunTime:0.000202s ]
SQL: SELECT * FROM `user` WHERE `id` = 1 LIMIT 1   [ RunTime:0.000174s ]
SQL: SELECT * FROM `course` WHERE `id` = 1 LIMIT 1   [ RunTime:0.000197s ]
SQL: SELECT * FROM `user` WHERE `id` = 1 LIMIT 1   [ RunTime:0.000184s ]
SQL: SELECT * FROM `course` WHERE `id` = 1 LIMIT 1   [ RunTime:0.000188s ]
SQL: SELECT * FROM `user` WHERE `id` = 1 LIMIT 1   [ RunTime:0.000184s ]
INFO: [ view_parse ] --START--
INFO: [ template_filter ] --START--
INFO: Run Behavior\ContentReplaceBehavior [ RunTime:0.000114s ]
INFO: [ template_filter ] --END-- [ RunTime:0.000197s ]
NOTIC: [8] Undefined variable: nosign_course D:\wamp\www\iXuanxiu\Application\Runtime\Cache\Home\2a94b8bda04ff446dcedd42276fc99ee.php 第 121 行.
INFO: Run Behavior\ParseTemplateBehavior [ RunTime:0.026408s ]
INFO: [ view_parse ] --END-- [ RunTime:0.026500s ]
INFO: [ view_filter ] --START--
INFO: Run Behavior\WriteHtmlCacheBehavior [ RunTime:0.000283s ]
INFO: [ view_filter ] --END-- [ RunTime:0.000355s ]
INFO: [ app_end ] --START--
INFO: Run Behavior\ShowPageTraceBehavior [ RunTime:0.000468s ]
INFO: [ app_end ] --END-- [ RunTime:0.000545s ]

[ 2015-05-05T10:22:18+08:00 ] 127.0.0.1 /ixuanxiu/index.php/Course/index/id/1.html
INFO: [ app_init ] --START--
INFO: Run Behavior\BuildLiteBehavior [ RunTime:0.000024s ]
INFO: [ app_init ] --END-- [ RunTime:0.000404s ]
INFO: [ app_begin ] --START--
INFO: Run Behavior\ReadHtmlCacheBehavior [ RunTime:0.000559s ]
INFO: [ app_begin ] --END-- [ RunTime:0.000674s ]
SQL: SHOW COLUMNS FROM `user` [ RunTime:0.020784s ]
SQL: SELECT * FROM `user` WHERE `uid` = 353309262 LIMIT 1   [ RunTime:0.000336s ]
SQL: SHOW COLUMNS FROM `course` [ RunTime:0.006950s ]
SQL: SELECT * FROM `course` WHERE `id` = 1 LIMIT 1   [ RunTime:0.000263s ]
INFO: [ view_parse ] --START--
INFO: [ template_filter ] --START--
INFO: Run Behavior\ContentReplaceBehavior [ RunTime:0.000138s ]
INFO: [ template_filter ] --END-- [ RunTime:0.000264s ]
INFO: Run Behavior\ParseTemplateBehavior [ RunTime:0.015440s ]
INFO: [ view_parse ] --END-- [ RunTime:0.015570s ]
INFO: [ view_filter ] --START--
INFO: Run Behavior\WriteHtmlCacheBehavior [ RunTime:0.000360s ]
INFO: [ view_filter ] --END-- [ RunTime:0.000461s ]
INFO: [ app_end ] --START--
INFO: Run Behavior\ShowPageTraceBehavior [ RunTime:0.000475s ]
INFO: [ app_end ] --END-- [ RunTime:0.000560s ]

[ 2015-05-05T10:22:22+08:00 ] 127.0.0.1 /ixuanxiu/index.php/Course/nosign.html
INFO: [ app_init ] --START--
INFO: Run Behavior\BuildLiteBehavior [ RunTime:0.000023s ]
INFO: [ app_init ] --END-- [ RunTime:0.000416s ]
INFO: [ app_begin ] --START--
INFO: Run Behavior\ReadHtmlCacheBehavior [ RunTime:0.000579s ]
INFO: [ app_begin ] --END-- [ RunTime:0.000686s ]
SQL: SHOW COLUMNS FROM `user` [ RunTime:0.016379s ]
SQL: SELECT * FROM `user` WHERE `uid` = 353309262 LIMIT 1   [ RunTime:0.000308s ]
SQL: SHOW COLUMNS FROM `course` [ RunTime:0.006821s ]
SQL: SELECT * FROM `course` WHERE `id` = 1 LIMIT 1   [ RunTime:0.000278s ]
NOTIC: [8] Undefined index: nosign D:\wamp\www\iXuanxiu\Application\Home\Controller\CourseController.class.php 第 29 行.
ERR: 非法数据对象！:[nosign=>1]

[ 2015-05-05T10:22:25+08:00 ] 127.0.0.1 /ixuanxiu/index.php/Course/nosign.html
INFO: [ app_init ] --START--
INFO: Run Behavior\BuildLiteBehavior [ RunTime:0.000022s ]
INFO: [ app_init ] --END-- [ RunTime:0.000402s ]
INFO: [ app_begin ] --START--
INFO: Run Behavior\ReadHtmlCacheBehavior [ RunTime:0.000574s ]
INFO: [ app_begin ] --END-- [ RunTime:0.000676s ]
SQL: SHOW COLUMNS FROM `user` [ RunTime:0.019099s ]
SQL: SELECT * FROM `user` WHERE `uid` = 353309262 LIMIT 1   [ RunTime:0.000329s ]
SQL: SHOW COLUMNS FROM `course` [ RunTime:0.006640s ]
SQL: SELECT * FROM `course` WHERE `id` = 1 LIMIT 1   [ RunTime:0.000228s ]
NOTIC: [8] Undefined index: nosign D:\wamp\www\iXuanxiu\Application\Home\Controller\CourseController.class.php 第 29 行.
ERR: 非法数据对象！:[nosign=>1]

[ 2015-05-05T10:22:26+08:00 ] 127.0.0.1 /ixuanxiu/index.php/Course/nosign.html
INFO: [ app_init ] --START--
INFO: Run Behavior\BuildLiteBehavior [ RunTime:0.000023s ]
INFO: [ app_init ] --END-- [ RunTime:0.000396s ]
INFO: [ app_begin ] --START--
INFO: Run Behavior\ReadHtmlCacheBehavior [ RunTime:0.000552s ]
INFO: [ app_begin ] --END-- [ RunTime:0.000653s ]
SQL: SHOW COLUMNS FROM `user` [ RunTime:0.020253s ]
SQL: SELECT * FROM `user` WHERE `uid` = 353309262 LIMIT 1   [ RunTime:0.000331s ]
SQL: SHOW COLUMNS FROM `course` [ RunTime:0.006594s ]
SQL: SELECT * FROM `course` WHERE `id` = 1 LIMIT 1   [ RunTime:0.000245s ]
NOTIC: [8] Undefined index: nosign D:\wamp\www\iXuanxiu\Application\Home\Controller\CourseController.class.php 第 29 行.
ERR: 非法数据对象！:[nosign=>1]

[ 2015-05-05T10:22:26+08:00 ] 127.0.0.1 /ixuanxiu/index.php/Course/nosign.html
INFO: [ app_init ] --START--
INFO: Run Behavior\BuildLiteBehavior [ RunTime:0.000018s ]
INFO: [ app_init ] --END-- [ RunTime:0.000304s ]
INFO: [ app_begin ] --START--
INFO: Run Behavior\ReadHtmlCacheBehavior [ RunTime:0.000427s ]
INFO: [ app_begin ] --END-- [ RunTime:0.000503s ]
SQL: SHOW COLUMNS FROM `user` [ RunTime:0.017107s ]
SQL: SELECT * FROM `user` WHERE `uid` = 353309262 LIMIT 1   [ RunTime:0.000324s ]
SQL: SHOW COLUMNS FROM `course` [ RunTime:0.005939s ]
SQL: SELECT * FROM `course` WHERE `id` = 1 LIMIT 1   [ RunTime:0.000233s ]
NOTIC: [8] Undefined index: nosign D:\wamp\www\iXuanxiu\Application\Home\Controller\CourseController.class.php 第 29 行.
ERR: 非法数据对象！:[nosign=>1]

[ 2015-05-05T10:22:26+08:00 ] 127.0.0.1 /ixuanxiu/index.php/Course/nosign.html
INFO: [ app_init ] --START--
INFO: Run Behavior\BuildLiteBehavior [ RunTime:0.000022s ]
INFO: [ app_init ] --END-- [ RunTime:0.000399s ]
INFO: [ app_begin ] --START--
INFO: Run Behavior\ReadHtmlCacheBehavior [ RunTime:0.000566s ]
INFO: [ app_begin ] --END-- [ RunTime:0.000670s ]
SQL: SHOW COLUMNS FROM `user` [ RunTime:0.015332s ]
SQL: SELECT * FROM `user` WHERE `uid` = 353309262 LIMIT 1   [ RunTime:0.000284s ]
SQL: SHOW COLUMNS FROM `course` [ RunTime:0.005245s ]
SQL: SELECT * FROM `course` WHERE `id` = 1 LIMIT 1   [ RunTime:0.000267s ]
NOTIC: [8] Undefined index: nosign D:\wamp\www\iXuanxiu\Application\Home\Controller\CourseController.class.php 第 29 行.
ERR: 非法数据对象！:[nosign=>1]

[ 2015-05-05T10:22:26+08:00 ] 127.0.0.1 /ixuanxiu/index.php/Course/nosign.html
INFO: [ app_init ] --START--
INFO: Run Behavior\BuildLiteBehavior [ RunTime:0.000018s ]
INFO: [ app_init ] --END-- [ RunTime:0.000305s ]
INFO: [ app_begin ] --START--
INFO: Run Behavior\ReadHtmlCacheBehavior [ RunTime:0.000417s ]
INFO: [ app_begin ] --END-- [ RunTime:0.000494s ]
SQL: SHOW COLUMNS FROM `user` [ RunTime:0.013877s ]
SQL: SELECT * FROM `user` WHERE `uid` = 353309262 LIMIT 1   [ RunTime:0.000317s ]
SQL: SHOW COLUMNS FROM `course` [ RunTime:0.005551s ]
SQL: SELECT * FROM `course` WHERE `id` = 1 LIMIT 1   [ RunTime:0.000273s ]
NOTIC: [8] Undefined index: nosign D:\wamp\www\iXuanxiu\Application\Home\Controller\CourseController.class.php 第 29 行.
ERR: 非法数据对象！:[nosign=>1]

[ 2015-05-05T10:22:27+08:00 ] 127.0.0.1 /ixuanxiu/index.php/Course/nosign.html
INFO: [ app_init ] --START--
INFO: Run Behavior\BuildLiteBehavior [ RunTime:0.000023s ]
INFO: [ app_init ] --END-- [ RunTime:0.000414s ]
INFO: [ app_begin ] --START--
INFO: Run Behavior\ReadHtmlCacheBehavior [ RunTime:0.000569s ]
INFO: [ app_begin ] --END-- [ RunTime:0.000673s ]
SQL: SHOW COLUMNS FROM `user` [ RunTime:0.017291s ]
SQL: SELECT * FROM `user` WHERE `uid` = 353309262 LIMIT 1   [ RunTime:0.000287s ]
SQL: SHOW COLUMNS FROM `course` [ RunTime:0.006217s ]
SQL: SELECT * FROM `course` WHERE `id` = 1 LIMIT 1   [ RunTime:0.000262s ]
NOTIC: [8] Undefined index: nosign D:\wamp\www\iXuanxiu\Application\Home\Controller\CourseController.class.php 第 29 行.
ERR: 非法数据对象！:[nosign=>1]

[ 2015-05-05T10:22:27+08:00 ] 127.0.0.1 /ixuanxiu/index.php/Course/nosign.html
INFO: [ app_init ] --START--
INFO: Run Behavior\BuildLiteBehavior [ RunTime:0.000018s ]
INFO: [ app_init ] --END-- [ RunTime:0.000303s ]
INFO: [ app_begin ] --START--
INFO: Run Behavior\ReadHtmlCacheBehavior [ RunTime:0.000419s ]
INFO: [ app_begin ] --END-- [ RunTime:0.000497s ]
SQL: SHOW COLUMNS FROM `user` [ RunTime:0.013985s ]
SQL: SELECT * FROM `user` WHERE `uid` = 353309262 LIMIT 1   [ RunTime:0.000323s ]
SQL: SHOW COLUMNS FROM `course` [ RunTime:0.005132s ]
SQL: SELECT * FROM `course` WHERE `id` = 1 LIMIT 1   [ RunTime:0.000234s ]
NOTIC: [8] Undefined index: nosign D:\wamp\www\iXuanxiu\Application\Home\Controller\CourseController.class.php 第 29 行.
ERR: 非法数据对象！:[nosign=>1]

[ 2015-05-05T10:22:27+08:00 ] 127.0.0.1 /ixuanxiu/index.php/Course/nosign.html
INFO: [ app_init ] --START--
INFO: Run Behavior\BuildLiteBehavior [ RunTime:0.000019s ]
INFO: [ app_init ] --END-- [ RunTime:0.000314s ]
INFO: [ app_begin ] --START--
INFO: Run Behavior\ReadHtmlCacheBehavior [ RunTime:0.000426s ]
INFO: [ app_begin ] --END-- [ RunTime:0.000502s ]
SQL: SHOW COLUMNS FROM `user` [ RunTime:0.017592s ]
SQL: SELECT * FROM `user` WHERE `uid` = 353309262 LIMIT 1   [ RunTime:0.000323s ]
SQL: SHOW COLUMNS FROM `course` [ RunTime:0.005876s ]
SQL: SELECT * FROM `course` WHERE `id` = 1 LIMIT 1   [ RunTime:0.000264s ]
NOTIC: [8] Undefined index: nosign D:\wamp\www\iXuanxiu\Application\Home\Controller\CourseController.class.php 第 29 行.
ERR: 非法数据对象！:[nosign=>1]

[ 2015-05-05T10:22:27+08:00 ] 127.0.0.1 /ixuanxiu/index.php/Course/nosign.html
INFO: [ app_init ] --START--
INFO: Run Behavior\BuildLiteBehavior [ RunTime:0.000023s ]
INFO: [ app_init ] --END-- [ RunTime:0.000396s ]
INFO: [ app_begin ] --START--
INFO: Run Behavior\ReadHtmlCacheBehavior [ RunTime:0.000553s ]
INFO: [ app_begin ] --END-- [ RunTime:0.000654s ]
SQL: SHOW COLUMNS FROM `user` [ RunTime:0.016636s ]
SQL: SELECT * FROM `user` WHERE `uid` = 353309262 LIMIT 1   [ RunTime:0.000325s ]
SQL: SHOW COLUMNS FROM `course` [ RunTime:0.005307s ]
SQL: SELECT * FROM `course` WHERE `id` = 1 LIMIT 1   [ RunTime:0.000229s ]
NOTIC: [8] Undefined index: nosign D:\wamp\www\iXuanxiu\Application\Home\Controller\CourseController.class.php 第 29 行.
ERR: 非法数据对象！:[nosign=>1]

[ 2015-05-05T10:22:27+08:00 ] 127.0.0.1 /ixuanxiu/index.php/Course/nosign.html
INFO: [ app_init ] --START--
INFO: Run Behavior\BuildLiteBehavior [ RunTime:0.000022s ]
INFO: [ app_init ] --END-- [ RunTime:0.000399s ]
INFO: [ app_begin ] --START--
INFO: Run Behavior\ReadHtmlCacheBehavior [ RunTime:0.000550s ]
INFO: [ app_begin ] --END-- [ RunTime:0.000651s ]
SQL: SHOW COLUMNS FROM `user` [ RunTime:0.014134s ]
SQL: SELECT * FROM `user` WHERE `uid` = 353309262 LIMIT 1   [ RunTime:0.000283s ]
SQL: SHOW COLUMNS FROM `course` [ RunTime:0.005451s ]
SQL: SELECT * FROM `course` WHERE `id` = 1 LIMIT 1   [ RunTime:0.000305s ]
NOTIC: [8] Undefined index: nosign D:\wamp\www\iXuanxiu\Application\Home\Controller\CourseController.class.php 第 29 行.
ERR: 非法数据对象！:[nosign=>1]

[ 2015-05-05T10:22:27+08:00 ] 127.0.0.1 /ixuanxiu/index.php/Course/nosign.html
INFO: [ app_init ] --START--
INFO: Run Behavior\BuildLiteBehavior [ RunTime:0.000023s ]
INFO: [ app_init ] --END-- [ RunTime:0.000414s ]
INFO: [ app_begin ] --START--
INFO: Run Behavior\ReadHtmlCacheBehavior [ RunTime:0.000547s ]
INFO: [ app_begin ] --END-- [ RunTime:0.000661s ]
SQL: SHOW COLUMNS FROM `user` [ RunTime:0.014499s ]
SQL: SELECT * FROM `user` WHERE `uid` = 353309262 LIMIT 1   [ RunTime:0.000324s ]
SQL: SHOW COLUMNS FROM `course` [ RunTime:0.005460s ]
SQL: SELECT * FROM `course` WHERE `id` = 1 LIMIT 1   [ RunTime:0.000237s ]
NOTIC: [8] Undefined index: nosign D:\wamp\www\iXuanxiu\Application\Home\Controller\CourseController.class.php 第 29 行.
ERR: 非法数据对象！:[nosign=>1]

[ 2015-05-05T10:22:31+08:00 ] 127.0.0.1 /ixuanxiu/index.php/Course/nosign.html
INFO: [ app_init ] --START--
INFO: Run Behavior\BuildLiteBehavior [ RunTime:0.000017s ]
INFO: [ app_init ] --END-- [ RunTime:0.000320s ]
INFO: [ app_begin ] --START--
INFO: Run Behavior\ReadHtmlCacheBehavior [ RunTime:0.000428s ]
INFO: [ app_begin ] --END-- [ RunTime:0.000507s ]
SQL: SHOW COLUMNS FROM `user` [ RunTime:0.017931s ]
SQL: SELECT * FROM `user` WHERE `uid` = 353309262 LIMIT 1   [ RunTime:0.000295s ]
SQL: SHOW COLUMNS FROM `course` [ RunTime:0.006851s ]
SQL: SELECT * FROM `course` WHERE `id` = 1 LIMIT 1   [ RunTime:0.000238s ]
NOTIC: [8] Undefined index: nosign D:\wamp\www\iXuanxiu\Application\Home\Controller\CourseController.class.php 第 29 行.
ERR: 非法数据对象！:[nosign=>1]

[ 2015-05-05T10:22:33+08:00 ] 127.0.0.1 /ixuanxiu/index.php/Course/nosign.html
INFO: [ app_init ] --START--
INFO: Run Behavior\BuildLiteBehavior [ RunTime:0.000038s ]
INFO: [ app_init ] --END-- [ RunTime:0.000616s ]
INFO: [ app_begin ] --START--
INFO: Run Behavior\ReadHtmlCacheBehavior [ RunTime:0.000910s ]
INFO: [ app_begin ] --END-- [ RunTime:0.001075s ]
SQL: SHOW COLUMNS FROM `user` [ RunTime:0.021192s ]
SQL: SELECT * FROM `user` WHERE `uid` = 353309262 LIMIT 1   [ RunTime:0.000355s ]
SQL: SHOW COLUMNS FROM `course` [ RunTime:0.006574s ]
SQL: SELECT * FROM `course` WHERE `id` = 1 LIMIT 1   [ RunTime:0.000229s ]
NOTIC: [8] Undefined index: nosign D:\wamp\www\iXuanxiu\Application\Home\Controller\CourseController.class.php 第 29 行.
ERR: 非法数据对象！:[nosign=>1]

[ 2015-05-05T10:23:07+08:00 ] 127.0.0.1 /ixuanxiu/index.php/Course/nosign.html
INFO: [ app_init ] --START--
INFO: Run Behavior\BuildLiteBehavior [ RunTime:0.000023s ]
INFO: [ app_init ] --END-- [ RunTime:0.000405s ]
INFO: [ app_begin ] --START--
INFO: Run Behavior\ReadHtmlCacheBehavior [ RunTime:0.000555s ]
INFO: [ app_begin ] --END-- [ RunTime:0.000666s ]
SQL: SHOW COLUMNS FROM `user` [ RunTime:0.020067s ]
SQL: SELECT * FROM `user` WHERE `uid` = 353309262 LIMIT 1   [ RunTime:0.000335s ]
SQL: SHOW COLUMNS FROM `course` [ RunTime:0.006623s ]
SQL: SELECT * FROM `course` WHERE `id` = 1 LIMIT 1   [ RunTime:0.000226s ]
NOTIC: [8] Undefined index: nosign D:\wamp\www\iXuanxiu\Application\Home\Controller\CourseController.class.php 第 29 行.
ERR: 非法数据对象！:[nosign=>1]

[ 2015-05-05T10:23:22+08:00 ] 127.0.0.1 /ixuanxiu/index.php/Course/nosign.html
INFO: [ app_init ] --START--
INFO: Run Behavior\BuildLiteBehavior [ RunTime:0.000031s ]
INFO: [ app_init ] --END-- [ RunTime:0.000484s ]
INFO: [ app_begin ] --START--
INFO: Run Behavior\ReadHtmlCacheBehavior [ RunTime:0.000454s ]
INFO: [ app_begin ] --END-- [ RunTime:0.000554s ]
SQL: SHOW COLUMNS FROM `user` [ RunTime:0.018489s ]
SQL: SELECT * FROM `user` WHERE `uid` = 353309262 LIMIT 1   [ RunTime:0.000317s ]
SQL: SHOW COLUMNS FROM `course` [ RunTime:0.006930s ]
SQL: SELECT * FROM `course` WHERE `id` = 0 LIMIT 1   [ RunTime:0.000473s ]
ERR: 非法数据对象！:[nosign=>1]

[ 2015-05-05T10:23:52+08:00 ] 127.0.0.1 /ixuanxiu/index.php/Course/nosign.html
INFO: [ app_init ] --START--
INFO: Run Behavior\BuildLiteBehavior [ RunTime:0.000021s ]
INFO: [ app_init ] --END-- [ RunTime:0.000330s ]
INFO: [ app_begin ] --START--
INFO: Run Behavior\ReadHtmlCacheBehavior [ RunTime:0.000509s ]
INFO: [ app_begin ] --END-- [ RunTime:0.000635s ]
SQL: SHOW COLUMNS FROM `user` [ RunTime:0.021755s ]
SQL: SELECT * FROM `user` WHERE `uid` = 353309262 LIMIT 1   [ RunTime:0.000336s ]
SQL: SHOW COLUMNS FROM `course` [ RunTime:0.006910s ]
SQL: SELECT * FROM `course` WHERE `id` = 0 LIMIT 1   [ RunTime:0.000193s ]
ERR: 非法数据对象！:[nosign=>1]

[ 2015-05-05T10:27:09+08:00 ] 127.0.0.1 /ixuanxiu/index.php/Course/nosign.html
INFO: [ app_init ] --START--
INFO: Run Behavior\BuildLiteBehavior [ RunTime:0.000055s ]
INFO: [ app_init ] --END-- [ RunTime:0.000663s ]
INFO: [ app_begin ] --START--
INFO: Run Behavior\ReadHtmlCacheBehavior [ RunTime:0.000475s ]
INFO: [ app_begin ] --END-- [ RunTime:0.000580s ]
SQL: SHOW COLUMNS FROM `user` [ RunTime:0.017876s ]
SQL: SELECT * FROM `user` WHERE `uid` = 353309262 LIMIT 1   [ RunTime:0.000290s ]
SQL: SHOW COLUMNS FROM `course` [ RunTime:0.007289s ]
SQL: SELECT * FROM `course` WHERE `id` = 0 LIMIT 1   [ RunTime:0.000569s ]
SQL: UPDATE `course` SET `id`=0,`nosign`=1 WHERE `id` = 0 [ RunTime:0.001086s ]
INFO: [ app_end ] --START--
INFO: Run Behavior\ShowPageTraceBehavior [ RunTime:0.001280s ]
INFO: [ app_end ] --END-- [ RunTime:0.001460s ]

[ 2015-05-05T10:27:38+08:00 ] 127.0.0.1 /ixuanxiu/index.php/Course/nosign.html
INFO: [ app_init ] --START--
INFO: Run Behavior\BuildLiteBehavior [ RunTime:0.000035s ]
INFO: [ app_init ] --END-- [ RunTime:0.000470s ]
INFO: [ app_begin ] --START--
INFO: Run Behavior\ReadHtmlCacheBehavior [ RunTime:0.000462s ]
INFO: [ app_begin ] --END-- [ RunTime:0.000574s ]
SQL: SHOW COLUMNS FROM `user` [ RunTime:0.023264s ]
SQL: SELECT * FROM `user` WHERE `uid` = 353309262 LIMIT 1   [ RunTime:0.000295s ]
SQL: SHOW COLUMNS FROM `course` [ RunTime:0.006252s ]
SQL: SELECT * FROM `course` WHERE `id` = 0 LIMIT 1   [ RunTime:0.000197s ]
SQL: UPDATE `course` SET `id`=0,`nosign`=1 WHERE `id` = 0 [ RunTime:0.000169s ]
INFO: [ app_end ] --START--
INFO: Run Behavior\ShowPageTraceBehavior [ RunTime:0.000655s ]
INFO: [ app_end ] --END-- [ RunTime:0.000743s ]

[ 2015-05-05T10:28:00+08:00 ] 127.0.0.1 /ixuanxiu/index.php/Index/index.html
INFO: [ app_init ] --START--
INFO: Run Behavior\BuildLiteBehavior [ RunTime:0.000040s ]
INFO: [ app_init ] --END-- [ RunTime:0.000500s ]
INFO: [ app_begin ] --START--
INFO: Run Behavior\ReadHtmlCacheBehavior [ RunTime:0.000661s ]
INFO: [ app_begin ] --END-- [ RunTime:0.000809s ]
SQL: SHOW COLUMNS FROM `user` [ RunTime:0.016251s ]
SQL: SELECT * FROM `user` WHERE `uid` = 353309262 LIMIT 1   [ RunTime:0.000312s ]
SQL: SHOW COLUMNS FROM `course` [ RunTime:0.008377s ]
SQL: SELECT * FROM `course` LIMIT 7   [ RunTime:0.000318s ]
SQL: SELECT * FROM `course` ORDER BY comment_times DESC LIMIT 9   [ RunTime:0.000293s ]
SQL: SHOW COLUMNS FROM `comment` [ RunTime:0.011339s ]
SQL: SELECT * FROM `comment` ORDER BY ctime DESC LIMIT 6   [ RunTime:0.000289s ]
SQL: SELECT * FROM `course` WHERE `id` = 1 LIMIT 1   [ RunTime:0.000189s ]
SQL: SELECT * FROM `user` WHERE `id` = 1 LIMIT 1   [ RunTime:0.000177s ]
SQL: SELECT * FROM `course` WHERE `id` = 1 LIMIT 1   [ RunTime:0.000161s ]
SQL: SELECT * FROM `user` WHERE `id` = 1 LIMIT 1   [ RunTime:0.000150s ]
SQL: SELECT * FROM `course` WHERE `id` = 1 LIMIT 1   [ RunTime:0.000162s ]
SQL: SELECT * FROM `user` WHERE `id` = 1 LIMIT 1   [ RunTime:0.000151s ]
SQL: SELECT * FROM `course` WHERE `id` = 1 LIMIT 1   [ RunTime:0.000166s ]
SQL: SELECT * FROM `user` WHERE `id` = 1 LIMIT 1   [ RunTime:0.000156s ]
INFO: [ view_parse ] --START--
INFO: [ template_filter ] --START--
INFO: Run Behavior\ContentReplaceBehavior [ RunTime:0.000177s ]
INFO: [ template_filter ] --END-- [ RunTime:0.000294s ]
NOTIC: [8] Undefined variable: nosign_course D:\wamp\www\iXuanxiu\Application\Runtime\Cache\Home\2a94b8bda04ff446dcedd42276fc99ee.php 第 121 行.
INFO: Run Behavior\ParseTemplateBehavior [ RunTime:0.026422s ]
INFO: [ view_parse ] --END-- [ RunTime:0.026529s ]
INFO: [ view_filter ] --START--
INFO: Run Behavior\WriteHtmlCacheBehavior [ RunTime:0.000263s ]
INFO: [ view_filter ] --END-- [ RunTime:0.000337s ]
INFO: [ app_end ] --START--
INFO: Run Behavior\ShowPageTraceBehavior [ RunTime:0.000365s ]
INFO: [ app_end ] --END-- [ RunTime:0.000448s ]

[ 2015-05-05T10:28:51+08:00 ] 127.0.0.1 /ixuanxiu/index.php/Index/index.html
INFO: [ app_init ] --START--
INFO: Run Behavior\BuildLiteBehavior [ RunTime:0.000030s ]
INFO: [ app_init ] --END-- [ RunTime:0.000560s ]
INFO: [ app_begin ] --START--
INFO: Run Behavior\ReadHtmlCacheBehavior [ RunTime:0.001039s ]
INFO: [ app_begin ] --END-- [ RunTime:0.001265s ]
SQL: SHOW COLUMNS FROM `user` [ RunTime:0.020969s ]
SQL: SELECT * FROM `user` WHERE `uid` = 353309262 LIMIT 1   [ RunTime:0.000615s ]
SQL: SHOW COLUMNS FROM `course` [ RunTime:0.006943s ]
SQL: SELECT * FROM `course` LIMIT 7   [ RunTime:0.000257s ]
SQL: SELECT * FROM `course` ORDER BY comment_times DESC LIMIT 9   [ RunTime:0.000265s ]
SQL: SHOW COLUMNS FROM `comment` [ RunTime:0.011056s ]
SQL: SELECT * FROM `comment` ORDER BY ctime DESC LIMIT 6   [ RunTime:0.000617s ]
SQL: SELECT * FROM `course` WHERE `id` = 1 LIMIT 1   [ RunTime:0.000550s ]
SQL: SELECT * FROM `user` WHERE `id` = 1 LIMIT 1   [ RunTime:0.000382s ]
SQL: SELECT * FROM `course` WHERE `id` = 1 LIMIT 1   [ RunTime:0.000225s ]
SQL: SELECT * FROM `user` WHERE `id` = 1 LIMIT 1   [ RunTime:0.000207s ]
SQL: SELECT * FROM `course` WHERE `id` = 1 LIMIT 1   [ RunTime:0.000193s ]
SQL: SELECT * FROM `user` WHERE `id` = 1 LIMIT 1   [ RunTime:0.000174s ]
SQL: SELECT * FROM `course` WHERE `id` = 1 LIMIT 1   [ RunTime:0.000174s ]
SQL: SELECT * FROM `user` WHERE `id` = 1 LIMIT 1   [ RunTime:0.000157s ]
INFO: [ view_parse ] --START--
INFO: [ template_filter ] --START--
INFO: Run Behavior\ContentReplaceBehavior [ RunTime:0.000141s ]
INFO: [ template_filter ] --END-- [ RunTime:0.000236s ]
NOTIC: [8] Undefined variable: nosign_course D:\wamp\www\iXuanxiu\Application\Runtime\Cache\Home\2a94b8bda04ff446dcedd42276fc99ee.php 第 121 行.
INFO: Run Behavior\ParseTemplateBehavior [ RunTime:0.027219s ]
INFO: [ view_parse ] --END-- [ RunTime:0.027341s ]
INFO: [ view_filter ] --START--
INFO: Run Behavior\WriteHtmlCacheBehavior [ RunTime:0.000441s ]
INFO: [ view_filter ] --END-- [ RunTime:0.000580s ]
INFO: [ app_end ] --START--
INFO: Run Behavior\ShowPageTraceBehavior [ RunTime:0.001081s ]
INFO: [ app_end ] --END-- [ RunTime:0.001189s ]

[ 2015-05-05T10:29:51+08:00 ] 127.0.0.1 /ixuanxiu/index.php/Index/index.html
INFO: [ app_init ] --START--
INFO: Run Behavior\BuildLiteBehavior [ RunTime:0.000040s ]
INFO: [ app_init ] --END-- [ RunTime:0.000751s ]
INFO: [ app_begin ] --START--
INFO: Run Behavior\ReadHtmlCacheBehavior [ RunTime:0.001108s ]
INFO: [ app_begin ] --END-- [ RunTime:0.001320s ]
SQL: SHOW COLUMNS FROM `user` [ RunTime:0.039181s ]
SQL: SELECT * FROM `user` WHERE `uid` = 353309262 LIMIT 1   [ RunTime:0.000540s ]
SQL: SHOW COLUMNS FROM `course` [ RunTime:0.006672s ]
SQL: SELECT * FROM `course` LIMIT 7   [ RunTime:0.000276s ]
SQL: SELECT * FROM `course` ORDER BY comment_times DESC LIMIT 9   [ RunTime:0.000249s ]
SQL: SHOW COLUMNS FROM `comment` [ RunTime:0.011445s ]
SQL: SELECT * FROM `comment` ORDER BY ctime DESC LIMIT 6   [ RunTime:0.000263s ]
SQL: SELECT * FROM `course` WHERE `id` = 1 LIMIT 1   [ RunTime:0.000194s ]
SQL: SELECT * FROM `user` WHERE `id` = 1 LIMIT 1   [ RunTime:0.000162s ]
SQL: SELECT * FROM `course` WHERE `id` = 1 LIMIT 1   [ RunTime:0.000164s ]
SQL: SELECT * FROM `user` WHERE `id` = 1 LIMIT 1   [ RunTime:0.000130s ]
SQL: SELECT * FROM `course` WHERE `id` = 1 LIMIT 1   [ RunTime:0.000144s ]
SQL: SELECT * FROM `user` WHERE `id` = 1 LIMIT 1   [ RunTime:0.000151s ]
SQL: SELECT * FROM `course` WHERE `id` = 1 LIMIT 1   [ RunTime:0.000167s ]
SQL: SELECT * FROM `user` WHERE `id` = 1 LIMIT 1   [ RunTime:0.000167s ]
INFO: [ view_parse ] --START--
INFO: [ template_filter ] --START--
INFO: Run Behavior\ContentReplaceBehavior [ RunTime:0.000112s ]
INFO: [ template_filter ] --END-- [ RunTime:0.000196s ]
NOTIC: [8] Undefined variable: nosign_course D:\wamp\www\iXuanxiu\Application\Runtime\Cache\Home\2a94b8bda04ff446dcedd42276fc99ee.php 第 121 行.
INFO: Run Behavior\ParseTemplateBehavior [ RunTime:0.028876s ]
INFO: [ view_parse ] --END-- [ RunTime:0.028985s ]
INFO: [ view_filter ] --START--
INFO: Run Behavior\WriteHtmlCacheBehavior [ RunTime:0.000616s ]
INFO: [ view_filter ] --END-- [ RunTime:0.000738s ]
INFO: [ app_end ] --START--
INFO: Run Behavior\ShowPageTraceBehavior [ RunTime:0.000542s ]
INFO: [ app_end ] --END-- [ RunTime:0.000649s ]

[ 2015-05-05T10:30:03+08:00 ] 127.0.0.1 /ixuanxiu/index.php/Index/index.html
INFO: [ app_init ] --START--
INFO: Run Behavior\BuildLiteBehavior [ RunTime:0.000039s ]
INFO: [ app_init ] --END-- [ RunTime:0.000622s ]
INFO: [ app_begin ] --START--
INFO: Run Behavior\ReadHtmlCacheBehavior [ RunTime:0.000499s ]
INFO: [ app_begin ] --END-- [ RunTime:0.000602s ]
SQL: SHOW COLUMNS FROM `user` [ RunTime:0.019468s ]
SQL: SELECT * FROM `user` WHERE `uid` = 353309262 LIMIT 1   [ RunTime:0.000335s ]
SQL: SHOW COLUMNS FROM `course` [ RunTime:0.006461s ]
SQL: SELECT * FROM `course` LIMIT 7   [ RunTime:0.000242s ]
SQL: SELECT * FROM `course` ORDER BY comment_times DESC LIMIT 9   [ RunTime:0.000269s ]
SQL: SELECT * FROM `course` WHERE `nosign` > 0 ORDER BY nosign DESC LIMIT 9   [ RunTime:0.000247s ]

[ 2015-05-05T10:30:16+08:00 ] 127.0.0.1 /ixuanxiu/index.php/Index/index.html
INFO: [ app_init ] --START--
INFO: Run Behavior\BuildLiteBehavior [ RunTime:0.000026s ]
INFO: [ app_init ] --END-- [ RunTime:0.000444s ]
INFO: [ app_begin ] --START--
INFO: Run Behavior\ReadHtmlCacheBehavior [ RunTime:0.000724s ]
INFO: [ app_begin ] --END-- [ RunTime:0.000851s ]
SQL: SHOW COLUMNS FROM `user` [ RunTime:0.022790s ]
SQL: SELECT * FROM `user` WHERE `uid` = 353309262 LIMIT 1   [ RunTime:0.000326s ]
SQL: SHOW COLUMNS FROM `course` [ RunTime:0.007152s ]
SQL: SELECT * FROM `course` LIMIT 7   [ RunTime:0.000290s ]
SQL: SELECT * FROM `course` ORDER BY comment_times DESC LIMIT 9   [ RunTime:0.000295s ]
SQL: SELECT * FROM `course` WHERE `nosign` > 0 ORDER BY nosign DESC LIMIT 9   [ RunTime:0.000237s ]
SQL: SHOW COLUMNS FROM `comment` [ RunTime:0.013774s ]
SQL: SELECT * FROM `comment` ORDER BY ctime DESC LIMIT 6   [ RunTime:0.000291s ]
SQL: SELECT * FROM `course` WHERE `id` = 1 LIMIT 1   [ RunTime:0.000198s ]
SQL: SELECT * FROM `user` WHERE `id` = 1 LIMIT 1   [ RunTime:0.000148s ]
SQL: SELECT * FROM `course` WHERE `id` = 1 LIMIT 1   [ RunTime:0.000181s ]
SQL: SELECT * FROM `user` WHERE `id` = 1 LIMIT 1   [ RunTime:0.000200s ]
SQL: SELECT * FROM `course` WHERE `id` = 1 LIMIT 1   [ RunTime:0.000203s ]
SQL: SELECT * FROM `user` WHERE `id` = 1 LIMIT 1   [ RunTime:0.000192s ]
SQL: SELECT * FROM `course` WHERE `id` = 1 LIMIT 1   [ RunTime:0.000225s ]
SQL: SELECT * FROM `user` WHERE `id` = 1 LIMIT 1   [ RunTime:0.000253s ]
INFO: [ view_parse ] --START--
INFO: [ template_filter ] --START--
INFO: Run Behavior\ContentReplaceBehavior [ RunTime:0.000145s ]
INFO: [ template_filter ] --END-- [ RunTime:0.000257s ]
INFO: Run Behavior\ParseTemplateBehavior [ RunTime:0.032763s ]
INFO: [ view_parse ] --END-- [ RunTime:0.032974s ]
INFO: [ view_filter ] --START--
INFO: Run Behavior\WriteHtmlCacheBehavior [ RunTime:0.000594s ]
INFO: [ view_filter ] --END-- [ RunTime:0.000688s ]
INFO: [ app_end ] --START--
INFO: Run Behavior\ShowPageTraceBehavior [ RunTime:0.000659s ]
INFO: [ app_end ] --END-- [ RunTime:0.000771s ]

[ 2015-05-05T10:31:21+08:00 ] 127.0.0.1 /ixuanxiu/index.php/Index/index.html
INFO: [ app_init ] --START--
INFO: Run Behavior\BuildLiteBehavior [ RunTime:0.000021s ]
INFO: [ app_init ] --END-- [ RunTime:0.000413s ]
INFO: [ app_begin ] --START--
INFO: Run Behavior\ReadHtmlCacheBehavior [ RunTime:0.000500s ]
INFO: [ app_begin ] --END-- [ RunTime:0.000631s ]
SQL: SHOW COLUMNS FROM `user` [ RunTime:0.018829s ]
SQL: SELECT * FROM `user` WHERE `uid` = 353309262 LIMIT 1   [ RunTime:0.000344s ]
SQL: SHOW COLUMNS FROM `course` [ RunTime:0.007511s ]
SQL: SELECT * FROM `course` LIMIT 7   [ RunTime:0.000284s ]
SQL: SELECT * FROM `course` ORDER BY comment_times DESC LIMIT 9   [ RunTime:0.000234s ]
SQL: SELECT * FROM `course` WHERE `nosign` > 0 ORDER BY nosign DESC LIMIT 9   [ RunTime:0.000170s ]
SQL: SHOW COLUMNS FROM `comment` [ RunTime:0.011294s ]
SQL: SELECT * FROM `comment` ORDER BY ctime DESC LIMIT 6   [ RunTime:0.000411s ]
SQL: SELECT * FROM `course` WHERE `id` = 1 LIMIT 1   [ RunTime:0.000382s ]
SQL: SELECT * FROM `user` WHERE `id` = 1 LIMIT 1   [ RunTime:0.000193s ]
SQL: SELECT * FROM `course` WHERE `id` = 1 LIMIT 1   [ RunTime:0.000226s ]
SQL: SELECT * FROM `user` WHERE `id` = 1 LIMIT 1   [ RunTime:0.000223s ]
SQL: SELECT * FROM `course` WHERE `id` = 1 LIMIT 1   [ RunTime:0.000158s ]
SQL: SELECT * FROM `user` WHERE `id` = 1 LIMIT 1   [ RunTime:0.000135s ]
SQL: SELECT * FROM `course` WHERE `id` = 1 LIMIT 1   [ RunTime:0.000164s ]
SQL: SELECT * FROM `user` WHERE `id` = 1 LIMIT 1   [ RunTime:0.000122s ]
INFO: [ view_parse ] --START--
INFO: [ template_filter ] --START--
INFO: Run Behavior\ContentReplaceBehavior [ RunTime:0.000118s ]
INFO: [ template_filter ] --END-- [ RunTime:0.000213s ]
INFO: Run Behavior\ParseTemplateBehavior [ RunTime:0.028258s ]
INFO: [ view_parse ] --END-- [ RunTime:0.028376s ]
INFO: [ view_filter ] --START--
INFO: Run Behavior\WriteHtmlCacheBehavior [ RunTime:0.000388s ]
INFO: [ view_filter ] --END-- [ RunTime:0.000530s ]
INFO: [ app_end ] --START--
INFO: Run Behavior\ShowPageTraceBehavior [ RunTime:0.000847s ]
INFO: [ app_end ] --END-- [ RunTime:0.000995s ]

[ 2015-05-05T10:31:34+08:00 ] 127.0.0.1 /ixuanxiu/index.php/Course/index/id/1.html
INFO: [ app_init ] --START--
INFO: Run Behavior\BuildLiteBehavior [ RunTime:0.000026s ]
INFO: [ app_init ] --END-- [ RunTime:0.000436s ]
INFO: [ app_begin ] --START--
INFO: Run Behavior\ReadHtmlCacheBehavior [ RunTime:0.000534s ]
INFO: [ app_begin ] --END-- [ RunTime:0.000652s ]
SQL: SHOW COLUMNS FROM `user` [ RunTime:0.019532s ]
SQL: SELECT * FROM `user` WHERE `uid` = 353309262 LIMIT 1   [ RunTime:0.000271s ]
SQL: SHOW COLUMNS FROM `course` [ RunTime:0.006094s ]
SQL: SELECT * FROM `course` WHERE `id` = 1 LIMIT 1   [ RunTime:0.000218s ]
INFO: [ view_parse ] --START--
INFO: [ template_filter ] --START--
INFO: Run Behavior\ContentReplaceBehavior [ RunTime:0.000111s ]
INFO: [ template_filter ] --END-- [ RunTime:0.000191s ]
INFO: Run Behavior\ParseTemplateBehavior [ RunTime:0.014775s ]
INFO: [ view_parse ] --END-- [ RunTime:0.014945s ]
INFO: [ view_filter ] --START--
INFO: Run Behavior\WriteHtmlCacheBehavior [ RunTime:0.000287s ]
INFO: [ view_filter ] --END-- [ RunTime:0.000382s ]
INFO: [ app_end ] --START--
INFO: Run Behavior\ShowPageTraceBehavior [ RunTime:0.000442s ]
INFO: [ app_end ] --END-- [ RunTime:0.000521s ]

[ 2015-05-05T10:32:57+08:00 ] 127.0.0.1 /ixuanxiu/index.php/Index/index.html
INFO: [ app_init ] --START--
INFO: Run Behavior\BuildLiteBehavior [ RunTime:0.000039s ]
INFO: [ app_init ] --END-- [ RunTime:0.000623s ]
INFO: [ app_begin ] --START--
INFO: Run Behavior\ReadHtmlCacheBehavior [ RunTime:0.001283s ]
INFO: [ app_begin ] --END-- [ RunTime:0.001458s ]
SQL: SHOW COLUMNS FROM `user` [ RunTime:0.020322s ]
SQL: SELECT * FROM `user` WHERE `uid` = 353309262 LIMIT 1   [ RunTime:0.000691s ]
SQL: SHOW COLUMNS FROM `course` [ RunTime:0.007484s ]
SQL: SELECT * FROM `course` LIMIT 7   [ RunTime:0.000267s ]
SQL: SELECT * FROM `course` ORDER BY comment_times DESC LIMIT 9   [ RunTime:0.000263s ]
SQL: SELECT * FROM `course` WHERE `nosign` > 0 ORDER BY nosign DESC LIMIT 9   [ RunTime:0.000332s ]
SQL: SHOW COLUMNS FROM `comment` [ RunTime:0.012389s ]
SQL: SELECT * FROM `comment` ORDER BY ctime DESC LIMIT 6   [ RunTime:0.000260s ]
SQL: SELECT * FROM `course` WHERE `id` = 1 LIMIT 1   [ RunTime:0.000203s ]
SQL: SELECT * FROM `user` WHERE `id` = 1 LIMIT 1   [ RunTime:0.000205s ]
SQL: SELECT * FROM `course` WHERE `id` = 1 LIMIT 1   [ RunTime:0.000198s ]
SQL: SELECT * FROM `user` WHERE `id` = 1 LIMIT 1   [ RunTime:0.000194s ]
SQL: SELECT * FROM `course` WHERE `id` = 1 LIMIT 1   [ RunTime:0.000219s ]
SQL: SELECT * FROM `user` WHERE `id` = 1 LIMIT 1   [ RunTime:0.000193s ]
SQL: SELECT * FROM `course` WHERE `id` = 1 LIMIT 1   [ RunTime:0.000250s ]
SQL: SELECT * FROM `user` WHERE `id` = 1 LIMIT 1   [ RunTime:0.000191s ]
INFO: [ view_parse ] --START--
INFO: [ template_filter ] --START--
INFO: Run Behavior\ContentReplaceBehavior [ RunTime:0.000111s ]
INFO: [ template_filter ] --END-- [ RunTime:0.000199s ]
INFO: Run Behavior\ParseTemplateBehavior [ RunTime:0.030157s ]
INFO: [ view_parse ] --END-- [ RunTime:0.030270s ]
INFO: [ view_filter ] --START--
INFO: Run Behavior\WriteHtmlCacheBehavior [ RunTime:0.000484s ]
INFO: [ view_filter ] --END-- [ RunTime:0.000628s ]
INFO: [ app_end ] --START--
INFO: Run Behavior\ShowPageTraceBehavior [ RunTime:0.000730s ]
INFO: [ app_end ] --END-- [ RunTime:0.000838s ]

[ 2015-05-05T10:33:09+08:00 ] 127.0.0.1 /ixuanxiu/index.php/Index/index.html
INFO: [ app_init ] --START--
INFO: Run Behavior\BuildLiteBehavior [ RunTime:0.000024s ]
INFO: [ app_init ] --END-- [ RunTime:0.000432s ]
INFO: [ app_begin ] --START--
INFO: Run Behavior\ReadHtmlCacheBehavior [ RunTime:0.000593s ]
INFO: [ app_begin ] --END-- [ RunTime:0.000727s ]
SQL: SHOW COLUMNS FROM `user` [ RunTime:0.021889s ]
SQL: SELECT * FROM `user` WHERE `uid` = 353309262 LIMIT 1   [ RunTime:0.000364s ]
SQL: SHOW COLUMNS FROM `course` [ RunTime:0.008044s ]
SQL: SELECT * FROM `course` LIMIT 7   [ RunTime:0.000326s ]
SQL: SELECT * FROM `course` ORDER BY comment_times DESC LIMIT 9   [ RunTime:0.000291s ]
SQL: SELECT * FROM `course` WHERE `nosign` > 0 ORDER BY nosign DESC LIMIT 9   [ RunTime:0.000235s ]
SQL: SHOW COLUMNS FROM `comment` [ RunTime:0.015081s ]
SQL: SELECT * FROM `comment` ORDER BY ctime DESC LIMIT 6   [ RunTime:0.000265s ]
SQL: SELECT * FROM `course` WHERE `id` = 1 LIMIT 1   [ RunTime:0.000238s ]
SQL: SELECT * FROM `user` WHERE `id` = 1 LIMIT 1   [ RunTime:0.000198s ]
SQL: SELECT * FROM `course` WHERE `id` = 1 LIMIT 1   [ RunTime:0.000205s ]
SQL: SELECT * FROM `user` WHERE `id` = 1 LIMIT 1   [ RunTime:0.000199s ]
SQL: SELECT * FROM `course` WHERE `id` = 1 LIMIT 1   [ RunTime:0.000204s ]
SQL: SELECT * FROM `user` WHERE `id` = 1 LIMIT 1   [ RunTime:0.000192s ]
SQL: SELECT * FROM `course` WHERE `id` = 1 LIMIT 1   [ RunTime:0.000208s ]
SQL: SELECT * FROM `user` WHERE `id` = 1 LIMIT 1   [ RunTime:0.000192s ]
INFO: [ view_parse ] --START--
INFO: [ template_filter ] --START--
INFO: Run Behavior\ContentReplaceBehavior [ RunTime:0.000223s ]
INFO: [ template_filter ] --END-- [ RunTime:0.000427s ]
INFO: Run Behavior\ParseTemplateBehavior [ RunTime:0.030759s ]
INFO: [ view_parse ] --END-- [ RunTime:0.030873s ]
INFO: [ view_filter ] --START--
INFO: Run Behavior\WriteHtmlCacheBehavior [ RunTime:0.000289s ]
INFO: [ view_filter ] --END-- [ RunTime:0.000359s ]
INFO: [ app_end ] --START--
INFO: Run Behavior\ShowPageTraceBehavior [ RunTime:0.000566s ]
INFO: [ app_end ] --END-- [ RunTime:0.000640s ]

